TN:
SF:App.tsx
FN:1,(empty-report)
FNF:1
FNH:1
FNDA:1,(empty-report)
DA:2,0
DA:3,0
DA:4,0
DA:6,0
DA:7,0
DA:8,0
DA:9,0
DA:10,0
DA:11,0
DA:12,0
DA:13,0
DA:15,0
DA:16,0
DA:17,0
DA:18,0
DA:20,0
DA:21,0
DA:22,0
DA:23,0
DA:24,0
DA:25,0
DA:26,0
DA:27,0
DA:28,0
DA:29,0
DA:30,0
DA:31,0
DA:32,0
DA:33,0
DA:34,0
DA:35,0
DA:36,0
DA:38,0
DA:40,0
DA:41,0
DA:42,0
DA:43,0
DA:44,0
DA:45,0
DA:46,0
DA:47,0
DA:48,0
DA:49,0
DA:50,0
DA:52,0
DA:53,0
DA:54,0
DA:55,0
DA:56,0
DA:57,0
DA:58,0
DA:67,0
DA:68,0
DA:69,0
DA:70,0
DA:73,0
DA:74,0
DA:75,0
DA:76,0
DA:77,0
DA:78,0
DA:79,0
DA:80,0
DA:81,0
DA:82,0
DA:83,0
DA:84,0
DA:85,0
DA:86,0
DA:89,0
DA:90,0
DA:93,0
DA:94,0
DA:97,0
DA:98,0
DA:99,0
DA:100,0
DA:101,0
DA:102,0
DA:103,0
DA:104,0
DA:105,0
DA:106,0
DA:107,0
DA:108,0
DA:109,0
DA:110,0
DA:111,0
DA:112,0
DA:113,0
DA:114,0
DA:115,0
DA:116,0
DA:117,0
DA:118,0
DA:119,0
DA:120,0
DA:121,0
DA:122,0
DA:125,0
DA:126,0
DA:127,0
DA:128,0
DA:129,0
DA:132,0
DA:133,0
DA:134,0
DA:137,0
DA:138,0
DA:139,0
DA:141,0
DA:142,0
DA:143,0
DA:144,0
DA:145,0
DA:148,0
DA:149,0
DA:150,0
DA:151,0
DA:152,0
DA:153,0
DA:155,0
DA:156,0
DA:157,0
DA:158,0
DA:159,0
DA:160,0
DA:161,0
DA:162,0
DA:164,0
DA:165,0
DA:166,0
DA:167,0
DA:168,0
DA:169,0
DA:170,0
DA:171,0
DA:172,0
DA:173,0
DA:174,0
DA:176,0
DA:177,0
DA:178,0
DA:180,0
DA:181,0
DA:182,0
DA:184,0
DA:186,0
DA:187,0
DA:188,0
DA:189,0
DA:190,0
DA:191,0
DA:192,0
DA:193,0
DA:194,0
DA:195,0
DA:196,0
DA:198,0
DA:199,0
DA:200,0
DA:201,0
DA:203,0
DA:204,0
DA:205,0
DA:206,0
DA:207,0
DA:208,0
DA:209,0
DA:210,0
DA:211,0
DA:212,0
DA:214,0
DA:215,0
DA:217,0
DA:218,0
DA:219,0
DA:220,0
DA:221,0
DA:222,0
DA:223,0
DA:226,0
DA:227,0
DA:228,0
DA:230,0
DA:231,0
DA:232,0
DA:233,0
DA:234,0
DA:235,0
DA:236,0
DA:237,0
DA:238,0
DA:239,0
DA:240,0
DA:241,0
DA:242,0
DA:243,0
DA:245,0
DA:246,0
DA:247,0
DA:248,0
DA:249,0
DA:250,0
DA:251,0
DA:254,0
DA:255,0
DA:256,0
DA:257,0
DA:258,0
DA:261,0
DA:262,0
DA:263,0
DA:264,0
DA:265,0
DA:266,0
DA:267,0
DA:268,0
DA:270,0
DA:271,0
DA:272,0
DA:273,0
DA:274,0
DA:275,0
DA:276,0
DA:277,0
DA:278,0
DA:279,0
DA:280,0
DA:281,0
DA:282,0
DA:283,0
DA:284,0
DA:285,0
DA:287,0
DA:288,0
DA:289,0
DA:292,0
DA:293,0
DA:294,0
DA:295,0
DA:296,0
DA:297,0
DA:299,0
DA:300,0
DA:301,0
DA:302,0
DA:303,0
DA:304,0
DA:305,0
DA:307,0
DA:309,0
DA:310,0
DA:311,0
DA:312,0
DA:313,0
DA:314,0
DA:315,0
DA:316,0
DA:317,0
DA:318,0
DA:320,0
DA:321,0
DA:322,0
DA:323,0
DA:324,0
DA:325,0
DA:326,0
DA:327,0
DA:328,0
DA:329,0
DA:331,0
DA:333,0
DA:334,0
DA:337,0
DA:338,0
DA:342,0
DA:343,0
DA:344,0
DA:345,0
DA:346,0
DA:350,0
DA:351,0
DA:352,0
DA:353,0
DA:354,0
DA:355,0
DA:359,0
DA:360,0
DA:361,0
DA:362,0
DA:363,0
DA:365,0
DA:367,0
DA:369,0
DA:372,0
DA:373,0
DA:374,0
DA:375,0
DA:377,0
DA:378,0
DA:379,0
DA:382,0
DA:383,0
DA:384,0
DA:385,0
DA:386,0
DA:387,0
DA:388,0
DA:389,0
DA:392,0
DA:393,0
DA:394,0
DA:395,0
DA:396,0
DA:397,0
DA:398,0
DA:401,0
DA:402,0
DA:403,0
DA:404,0
DA:405,0
DA:406,0
DA:410,0
DA:411,0
DA:412,0
DA:413,0
DA:414,0
DA:415,0
DA:416,0
DA:417,0
DA:418,0
DA:419,0
DA:420,0
DA:421,0
DA:422,0
DA:423,0
DA:424,0
DA:425,0
DA:428,0
DA:429,0
DA:430,0
DA:431,0
DA:432,0
DA:434,0
DA:436,0
LF:346
LH:0
BRDA:1,0,0,1
BRF:1
BRH:1
end_of_record
TN:
SF:constants.ts
FNF:0
FNH:0
DA:1,1
DA:2,1
DA:3,1
DA:4,1
DA:5,1
DA:7,1
DA:8,1
DA:9,1
DA:10,1
DA:11,1
DA:12,1
DA:13,1
DA:14,1
DA:15,1
DA:16,1
DA:17,1
DA:19,1
DA:20,1
DA:21,1
DA:22,1
DA:23,1
DA:24,1
DA:25,1
DA:26,1
DA:27,1
DA:28,1
DA:29,1
DA:30,1
DA:31,1
DA:33,1
DA:35,1
DA:36,1
DA:37,1
DA:38,1
DA:39,1
DA:40,1
DA:42,1
DA:45,1
DA:47,1
DA:48,1
DA:51,1
DA:52,1
DA:55,1
DA:58,1
DA:61,1
DA:64,1
DA:65,1
DA:68,1
DA:69,1
DA:72,1
DA:73,1
DA:74,1
DA:75,1
DA:76,1
DA:77,1
DA:78,1
DA:91,1
DA:96,1
DA:97,1
DA:98,1
DA:99,1
DA:100,1
DA:101,1
DA:102,1
DA:103,1
DA:104,1
DA:105,1
DA:106,1
DA:107,1
DA:108,1
DA:109,1
DA:110,1
DA:111,1
DA:112,1
DA:113,1
DA:114,1
DA:115,1
DA:116,1
DA:117,1
DA:118,1
DA:119,1
DA:120,1
DA:121,1
DA:122,1
DA:123,1
DA:124,1
DA:125,1
DA:126,1
DA:127,1
DA:128,1
DA:129,1
DA:130,1
DA:131,1
DA:132,1
DA:133,1
DA:134,1
DA:135,1
DA:136,1
DA:137,1
DA:138,1
DA:139,1
DA:140,1
DA:141,1
DA:142,1
DA:143,1
DA:144,1
DA:145,1
DA:146,1
DA:147,1
DA:150,1
DA:151,1
DA:152,1
DA:153,1
DA:154,1
DA:155,1
DA:156,1
LF:116
LH:116
BRF:0
BRH:0
end_of_record
TN:
SF:index.tsx
FN:1,(empty-report)
FNF:1
FNH:0
FNDA:0,(empty-report)
DA:1,0
DA:2,0
DA:3,0
DA:5,0
DA:6,0
DA:7,0
DA:8,0
DA:10,0
DA:11,0
DA:12,0
DA:13,0
DA:14,0
DA:15,0
LF:13
LH:0
BRDA:1,0,0,0
BRF:1
BRH:0
end_of_record
TN:
SF:playwright.config.ts
FN:1,(empty-report)
FNF:1
FNH:0
FNDA:0,(empty-report)
DA:1,0
DA:3,0
DA:4,0
DA:5,0
DA:6,0
DA:7,0
DA:8,0
DA:9,0
DA:10,0
DA:11,0
DA:12,0
DA:13,0
DA:14,0
DA:15,0
DA:16,0
DA:17,0
DA:18,0
DA:19,0
DA:20,0
DA:21,0
DA:22,0
DA:23,0
DA:24,0
DA:25,0
DA:26,0
LF:25
LH:0
BRDA:1,0,0,0
BRF:1
BRH:0
end_of_record
TN:
SF:types.ts
FN:1,(empty-report)
FNF:1
FNH:1
FNDA:1,(empty-report)
LF:0
LH:0
BRDA:1,0,0,1
BRF:1
BRH:1
end_of_record
TN:
SF:components/BuildMenu.tsx
FN:23,BuildMenu
FN:39,onClick
FN:40,onMouseEnter
FN:41,onMouseMove
FN:42,onMouseLeave
FNF:5
FNH:4
FNDA:6,BuildMenu
FNDA:1,onClick
FNDA:1,onMouseEnter
FNDA:1,onMouseMove
FNDA:0,onMouseLeave
DA:12,1
DA:13,1
DA:14,1
DA:15,1
DA:16,1
DA:17,1
DA:18,1
DA:19,1
DA:20,1
DA:21,1
DA:23,6
DA:24,6
DA:25,6
DA:26,6
DA:27,6
DA:28,6
DA:29,6
DA:30,6
DA:31,6
DA:32,6
DA:33,6
DA:34,6
DA:35,6
DA:36,6
DA:37,48
DA:38,48
DA:39,48
DA:40,48
DA:41,48
DA:42,48
DA:43,48
DA:44,48
DA:46,48
DA:47,48
DA:48,6
DA:49,6
DA:50,6
DA:52,6
LF:38
LH:38
BRDA:23,0,0,6
BRDA:36,1,0,48
BRDA:43,2,0,6
BRDA:43,3,0,42
BRDA:39,4,0,1
BRDA:40,5,0,1
BRDA:41,6,0,1
BRF:7
BRH:7
end_of_record
TN:
SF:components/CharacterCreator.tsx
FN:10,ColorRow
FN:16,onChange
FN:22,CharacterCreator
FN:23,update
FN:36,onChange
FN:41,onChange
FN:42,onChange
FN:43,onChange
FN:44,onChange
FN:45,onChange
FNF:10
FNH:4
FNDA:20,ColorRow
FNDA:0,onChange
FNDA:4,CharacterCreator
FNDA:8,update
FNDA:8,onChange
FNDA:0,onChange
FNDA:0,onChange
FNDA:0,onChange
FNDA:0,onChange
FNDA:0,onChange
DA:10,1
DA:11,20
DA:12,20
DA:13,20
DA:14,20
DA:15,20
DA:16,20
DA:17,20
DA:18,20
DA:19,20
DA:22,4
DA:23,4
DA:25,4
DA:26,4
DA:27,4
DA:28,4
DA:30,4
DA:31,4
DA:32,4
DA:33,4
DA:34,4
DA:35,4
DA:36,4
DA:37,4
DA:38,4
DA:39,4
DA:41,4
DA:42,4
DA:43,4
DA:44,4
DA:45,4
DA:47,4
DA:48,4
DA:49,4
DA:50,4
DA:52,4
DA:53,4
DA:54,4
DA:56,4
LF:39
LH:39
BRDA:10,0,0,20
BRDA:22,1,0,4
BRDA:23,2,0,8
BRDA:36,3,0,8
BRF:4
BRH:4
end_of_record
TN:
SF:components/Controls.tsx
FN:1,(empty-report)
FNF:1
FNH:1
FNDA:1,(empty-report)
DA:14,0
DA:15,0
DA:16,0
DA:17,0
DA:19,0
DA:20,0
DA:21,0
DA:23,0
DA:24,0
DA:25,0
DA:26,0
DA:27,0
DA:28,0
DA:29,0
DA:31,0
DA:32,0
DA:33,0
DA:34,0
DA:35,0
DA:36,0
DA:37,0
DA:39,0
DA:40,0
DA:41,0
DA:42,0
DA:43,0
DA:44,0
DA:45,0
DA:46,0
DA:48,0
DA:49,0
DA:52,0
DA:53,0
DA:54,0
DA:55,0
DA:56,0
DA:58,0
DA:59,0
DA:60,0
DA:63,0
DA:64,0
DA:66,0
DA:67,0
DA:68,0
DA:69,0
DA:70,0
DA:71,0
DA:72,0
DA:73,0
DA:76,0
DA:77,0
DA:78,0
DA:79,0
DA:82,0
DA:84,0
DA:85,0
DA:86,0
DA:87,0
DA:88,0
DA:91,0
DA:92,0
DA:93,0
DA:95,0
DA:96,0
DA:99,0
DA:100,0
DA:101,0
DA:102,0
DA:103,0
DA:105,0
DA:106,0
DA:107,0
DA:108,0
DA:109,0
DA:111,0
DA:112,0
DA:113,0
DA:114,0
DA:116,0
LF:79
LH:0
BRDA:1,0,0,1
BRF:1
BRH:1
end_of_record
TN:
SF:components/HUD.tsx
FN:4,HUD
FNF:1
FNH:1
FNDA:4,HUD
DA:4,4
DA:5,4
DA:6,4
DA:7,1
DA:9,4
DA:10,4
DA:12,4
DA:13,4
DA:14,4
DA:15,4
DA:16,4
DA:17,4
DA:18,4
DA:19,4
DA:20,4
DA:21,4
DA:22,4
DA:23,4
DA:26,4
DA:27,1
DA:28,1
DA:29,1
DA:30,1
DA:31,1
DA:35,4
DA:36,0
DA:37,0
DA:38,0
DA:39,0
DA:40,0
DA:41,0
DA:44,4
DA:45,4
DA:46,4
DA:47,4
DA:48,4
DA:49,4
DA:50,4
DA:51,1
DA:52,1
DA:53,1
DA:55,4
DA:56,4
DA:57,4
DA:60,4
DA:61,4
DA:62,4
DA:63,4
DA:64,4
DA:65,4
DA:66,4
DA:68,4
LF:52
LH:46
BRDA:4,0,0,4
BRDA:6,1,0,3
BRDA:6,2,0,1
BRDA:7,3,0,0
BRDA:26,4,0,1
BRDA:35,5,0,0
BRDA:50,6,0,1
BRDA:52,7,0,0
BRF:8
BRH:5
end_of_record
TN:
SF:components/MainMenu.tsx
FN:8,MainMenu
FNF:1
FNH:1
FNDA:2,MainMenu
DA:8,2
DA:9,2
DA:10,2
DA:11,2
DA:12,2
DA:13,2
DA:14,2
DA:15,2
DA:16,2
DA:17,2
DA:18,2
DA:19,2
DA:20,2
DA:21,2
DA:22,2
DA:24,2
DA:25,2
DA:26,2
DA:27,2
DA:29,2
LF:20
LH:20
BRDA:8,0,0,2
BRDA:22,1,0,1
BRDA:22,2,0,1
BRDA:24,3,0,1
BRDA:24,4,0,1
BRF:5
BRH:5
end_of_record
TN:
SF:components/PetStoreModal.tsx
FN:9,PetStoreModal
FN:10,PetRow
FN:14,onClick
FNF:3
FNH:3
FNDA:6,PetStoreModal
FNDA:24,PetRow
FNDA:1,onClick
DA:2,1
DA:9,6
DA:10,6
DA:11,24
DA:12,24
DA:13,24
DA:14,24
DA:15,24
DA:17,24
DA:18,24
DA:19,24
DA:20,24
DA:21,24
DA:22,24
DA:24,24
DA:26,6
DA:27,6
DA:28,6
DA:29,6
DA:30,6
DA:31,6
DA:32,6
DA:33,6
DA:34,6
DA:35,6
DA:36,6
DA:37,6
DA:38,6
DA:39,6
DA:40,6
DA:41,6
DA:43,6
LF:32
LH:32
BRDA:9,0,0,6
BRDA:10,1,0,24
BRDA:15,2,0,6
BRDA:15,3,0,18
BRDA:14,4,0,1
BRF:5
BRH:5
end_of_record
TN:
SF:components/SettingsModal.tsx
FN:1,(empty-report)
FNF:1
FNH:0
FNDA:0,(empty-report)
DA:1,0
DA:14,0
DA:15,0
DA:16,0
DA:17,0
DA:18,0
DA:19,0
DA:20,0
DA:22,0
DA:23,0
DA:24,0
DA:26,0
DA:29,0
DA:30,0
DA:31,0
DA:32,0
DA:33,0
DA:34,0
DA:35,0
DA:36,0
DA:37,0
DA:45,0
DA:46,0
DA:47,0
DA:48,0
DA:49,0
DA:50,0
DA:51,0
DA:52,0
DA:53,0
DA:54,0
DA:55,0
DA:56,0
DA:57,0
DA:58,0
DA:59,0
DA:60,0
DA:61,0
DA:63,0
DA:66,0
DA:67,0
DA:68,0
DA:69,0
DA:70,0
DA:71,0
DA:76,0
DA:77,0
DA:78,0
DA:79,0
DA:80,0
DA:81,0
DA:82,0
DA:83,0
DA:85,0
DA:86,0
DA:87,0
DA:88,0
DA:89,0
DA:90,0
DA:91,0
DA:93,0
DA:97,0
DA:98,0
DA:100,0
DA:101,0
DA:102,0
DA:103,0
DA:104,0
DA:105,0
DA:106,0
DA:107,0
DA:109,0
DA:110,0
DA:111,0
DA:112,0
DA:113,0
DA:114,0
DA:115,0
DA:116,0
DA:118,0
DA:119,0
DA:122,0
DA:123,0
DA:124,0
DA:125,0
DA:126,0
DA:127,0
DA:129,0
DA:130,0
DA:132,0
DA:133,0
DA:134,0
DA:135,0
DA:136,0
DA:138,0
DA:140,0
DA:141,0
DA:142,0
DA:143,0
DA:144,0
DA:145,0
DA:146,0
DA:147,0
DA:148,0
DA:149,0
DA:150,0
DA:151,0
DA:152,0
DA:153,0
DA:154,0
DA:155,0
DA:156,0
DA:157,0
DA:158,0
DA:159,0
DA:160,0
DA:161,0
DA:162,0
DA:164,0
DA:166,0
DA:167,0
DA:171,0
DA:172,0
DA:173,0
DA:174,0
DA:175,0
DA:176,0
DA:177,0
DA:178,0
DA:179,0
DA:180,0
DA:181,0
DA:182,0
DA:183,0
DA:184,0
DA:185,0
DA:186,0
DA:187,0
DA:188,0
DA:189,0
DA:190,0
DA:191,0
DA:192,0
DA:193,0
DA:194,0
DA:195,0
DA:197,0
DA:198,0
DA:199,0
DA:200,0
DA:204,0
DA:205,0
DA:206,0
DA:207,0
DA:208,0
DA:209,0
DA:210,0
DA:211,0
DA:212,0
DA:213,0
DA:214,0
DA:215,0
DA:216,0
DA:217,0
DA:218,0
DA:219,0
DA:220,0
DA:221,0
DA:222,0
DA:223,0
DA:224,0
DA:226,0
DA:227,0
DA:228,0
DA:229,0
DA:230,0
DA:231,0
DA:232,0
DA:233,0
DA:234,0
DA:235,0
DA:236,0
DA:237,0
DA:238,0
DA:239,0
DA:240,0
DA:241,0
DA:242,0
DA:244,0
DA:245,0
DA:246,0
DA:247,0
DA:248,0
DA:249,0
DA:250,0
DA:251,0
DA:252,0
DA:253,0
DA:255,0
DA:256,0
DA:257,0
DA:258,0
DA:262,0
DA:263,0
DA:264,0
DA:265,0
DA:266,0
DA:267,0
DA:268,0
DA:269,0
DA:270,0
DA:271,0
DA:272,0
DA:273,0
DA:274,0
DA:275,0
DA:276,0
DA:277,0
DA:278,0
DA:279,0
DA:280,0
DA:281,0
DA:282,0
DA:283,0
DA:284,0
DA:285,0
DA:286,0
DA:287,0
DA:289,0
DA:290,0
DA:291,0
DA:292,0
DA:296,0
DA:297,0
DA:298,0
DA:299,0
DA:300,0
DA:301,0
DA:302,0
DA:303,0
DA:304,0
DA:305,0
DA:306,0
DA:307,0
DA:309,0
DA:310,0
DA:311,0
DA:312,0
DA:313,0
DA:317,0
DA:318,0
DA:319,0
DA:320,0
DA:321,0
DA:322,0
DA:323,0
DA:324,0
DA:325,0
DA:326,0
DA:327,0
DA:328,0
DA:329,0
DA:330,0
DA:331,0
DA:332,0
DA:333,0
DA:334,0
DA:335,0
DA:336,0
DA:337,0
DA:338,0
DA:339,0
DA:341,0
DA:342,0
DA:343,0
DA:345,0
LF:276
LH:0
BRDA:1,0,0,0
BRF:1
BRH:0
end_of_record
TN:
SF:services/CombatSystem.ts
FN:21,createCombatState
FN:37,startAttack
FN:51,updateCombat
FN:79,getAttackData
FN:88,isInHitWindow
FN:98,checkHit
FN:130,applyDamage
FN:168,respawn
FN:179,equipWeapon
FN:183,dropWeapon
FN:189,canAttack
FN:193,getHealthPercentage
FNF:12
FNH:12
FNDA:29,createCombatState
FNDA:12,startAttack
FNDA:4,updateCombat
FNDA:17,getAttackData
FNDA:4,isInHitWindow
FNDA:6,checkHit
FNDA:4,applyDamage
FNDA:2,respawn
FNDA:1,equipWeapon
FNDA:2,dropWeapon
FNDA:3,canAttack
FNDA:3,getHealthPercentage
DA:1,1
DA:2,1
DA:21,1
DA:22,29
DA:23,29
DA:24,29
DA:25,29
DA:26,29
DA:27,29
DA:28,29
DA:29,29
DA:30,29
DA:31,29
DA:32,29
DA:33,29
DA:34,29
DA:35,29
DA:37,1
DA:38,12
DA:41,12
DA:42,1
DA:43,1
DA:45,9
DA:46,9
DA:47,9
DA:48,9
DA:49,9
DA:51,1
DA:53,4
DA:54,2
DA:55,2
DA:57,2
DA:58,1
DA:59,1
DA:60,1
DA:61,2
DA:64,4
DA:65,1
DA:66,1
DA:71,4
DA:72,1
DA:73,1
DA:74,1
DA:75,1
DA:76,1
DA:77,4
DA:79,1
DA:80,17
DA:81,4
DA:82,4
DA:83,4
DA:85,14
DA:86,14
DA:88,1
DA:89,4
DA:91,3
DA:92,3
DA:93,3
DA:95,4
DA:96,4
DA:98,1
DA:99,6
DA:100,6
DA:101,6
DA:102,6
DA:103,6
DA:104,6
DA:105,6
DA:108,6
DA:109,6
DA:110,6
DA:111,6
DA:112,6
DA:115,6
DA:116,6
DA:119,6
DA:120,6
DA:123,4
DA:124,4
DA:125,4
DA:127,4
DA:128,4
DA:130,1
DA:131,4
DA:132,4
DA:133,4
DA:134,4
DA:135,4
DA:136,4
DA:138,4
DA:139,2
DA:140,2
DA:143,2
DA:144,2
DA:145,2
DA:148,2
DA:149,2
DA:150,2
DA:151,2
DA:152,2
DA:155,2
DA:158,4
DA:159,1
DA:160,1
DA:161,1
DA:162,1
DA:163,1
DA:165,1
DA:166,1
DA:168,1
DA:169,2
DA:170,2
DA:171,2
DA:172,2
DA:173,2
DA:174,2
DA:175,2
DA:176,2
DA:177,2
DA:179,1
DA:180,1
DA:181,1
DA:183,1
DA:184,2
DA:185,2
DA:186,2
DA:187,2
DA:189,1
DA:190,3
DA:191,3
DA:193,1
DA:194,3
DA:195,3
LF:133
LH:133
BRDA:21,0,0,29
BRDA:37,1,0,12
BRDA:38,2,0,11
BRDA:38,3,0,2
BRDA:38,4,0,10
BRDA:41,5,0,2
BRDA:41,6,0,1
BRDA:43,7,0,9
BRDA:51,8,0,4
BRDA:53,9,0,2
BRDA:53,10,0,2
BRDA:57,11,0,1
BRDA:64,12,0,1
BRDA:71,13,0,1
BRDA:79,14,0,17
BRDA:80,15,0,5
BRDA:80,16,0,4
BRDA:82,17,0,3
BRDA:83,18,0,14
BRDA:88,19,0,4
BRDA:89,20,0,3
BRDA:89,21,0,1
BRDA:89,22,0,3
BRDA:95,23,0,2
BRDA:98,24,0,6
BRDA:120,25,0,2
BRDA:120,26,0,4
BRDA:130,27,0,4
BRDA:138,28,0,3
BRDA:138,29,0,2
BRDA:158,30,0,1
BRDA:168,31,0,2
BRDA:179,32,0,1
BRDA:183,33,0,2
BRDA:189,34,0,3
BRDA:190,35,0,2
BRDA:193,36,0,3
BRF:37
BRH:37
end_of_record
TN:
SF:services/StickFigure.ts
FN:1,(empty-report)
FNF:1
FNH:0
FNDA:0,(empty-report)
DA:1,0
DA:35,0
DA:36,0
DA:39,0
DA:40,0
DA:41,0
DA:44,0
DA:45,0
DA:46,0
DA:47,0
DA:48,0
DA:51,0
DA:52,0
DA:53,0
DA:54,0
DA:55,0
DA:56,0
DA:59,0
DA:60,0
DA:61,0
DA:62,0
DA:63,0
DA:64,0
DA:65,0
DA:66,0
DA:69,0
DA:70,0
DA:71,0
DA:72,0
DA:73,0
DA:76,0
DA:77,0
DA:78,0
DA:80,0
DA:81,0
DA:82,0
DA:83,0
DA:84,0
DA:86,0
DA:87,0
DA:88,0
DA:90,0
DA:91,0
DA:92,0
DA:93,0
DA:94,0
DA:97,0
DA:98,0
DA:99,0
DA:100,0
DA:103,0
DA:104,0
DA:105,0
DA:107,0
DA:108,0
DA:109,0
DA:110,0
DA:111,0
DA:113,0
DA:114,0
DA:115,0
DA:117,0
DA:118,0
DA:119,0
DA:120,0
DA:121,0
DA:124,0
DA:125,0
DA:126,0
DA:129,0
DA:130,0
DA:131,0
DA:134,0
DA:135,0
DA:136,0
DA:138,0
DA:139,0
DA:140,0
DA:141,0
DA:142,0
DA:144,0
DA:145,0
DA:146,0
DA:148,0
DA:149,0
DA:150,0
DA:151,0
DA:152,0
DA:155,0
DA:156,0
DA:157,0
DA:158,0
DA:159,0
DA:162,0
DA:163,0
DA:164,0
DA:166,0
DA:167,0
DA:168,0
DA:169,0
DA:170,0
DA:172,0
DA:173,0
DA:174,0
DA:176,0
DA:177,0
DA:178,0
DA:179,0
DA:180,0
DA:183,0
DA:184,0
DA:185,0
DA:188,0
DA:189,0
DA:190,0
DA:191,0
DA:192,0
DA:193,0
DA:194,0
DA:195,0
DA:196,0
DA:197,0
DA:198,0
DA:199,0
DA:200,0
DA:201,0
DA:202,0
DA:203,0
DA:204,0
DA:205,0
DA:206,0
DA:207,0
DA:208,0
DA:209,0
DA:211,0
DA:212,0
DA:215,0
DA:216,0
DA:217,0
DA:218,0
DA:219,0
DA:220,0
DA:222,0
DA:223,0
DA:225,0
DA:226,0
DA:228,0
DA:230,0
DA:231,0
DA:232,0
DA:233,0
DA:234,0
DA:235,0
DA:237,0
DA:238,0
DA:239,0
DA:240,0
DA:241,0
DA:242,0
DA:244,0
DA:245,0
DA:246,0
DA:247,0
DA:248,0
DA:249,0
DA:252,0
DA:253,0
DA:254,0
DA:255,0
DA:256,0
DA:259,0
DA:260,0
DA:261,0
DA:262,0
DA:263,0
DA:264,0
DA:265,0
DA:266,0
DA:268,0
DA:269,0
DA:270,0
DA:271,0
DA:272,0
DA:273,0
DA:274,0
DA:276,0
DA:277,0
DA:278,0
DA:279,0
DA:280,0
DA:281,0
DA:284,0
DA:285,0
DA:286,0
DA:287,0
DA:288,0
DA:290,0
DA:291,0
DA:292,0
DA:293,0
DA:294,0
DA:295,0
DA:297,0
DA:298,0
DA:299,0
DA:300,0
DA:301,0
DA:303,0
DA:304,0
DA:306,0
DA:308,0
DA:309,0
DA:310,0
DA:311,0
DA:314,0
DA:315,0
DA:316,0
DA:317,0
DA:318,0
DA:319,0
DA:321,0
DA:322,0
DA:323,0
DA:324,0
DA:325,0
DA:327,0
DA:328,0
DA:329,0
DA:330,0
DA:331,0
DA:332,0
DA:333,0
DA:334,0
DA:335,0
DA:336,0
DA:339,0
DA:340,0
DA:341,0
DA:343,0
DA:344,0
DA:345,0
DA:346,0
DA:347,0
DA:348,0
DA:349,0
LF:245
LH:0
BRDA:1,0,0,0
BRF:1
BRH:0
end_of_record
TN:
SF:services/StickFigureAnimator.ts
FN:38,createAnimatorState
FN:48,updateAnimation
FN:123,resetPose
FN:136,animateIdle
FN:153,animateWalking
FN:185,animateRunning
FN:220,animatePunch
FN:260,animateKick
FN:311,animateWeaponSwing
FN:351,animateHitReact
FN:373,animateDeath
FN:391,triggerAttack
FN:401,triggerHitReact
FN:407,getAttackHitFrame
FNF:14
FNH:4
FNDA:13,createAnimatorState
FNDA:0,updateAnimation
FNDA:0,resetPose
FNDA:0,animateIdle
FNDA:0,animateWalking
FNDA:0,animateRunning
FNDA:0,animatePunch
FNDA:0,animateKick
FNDA:0,animateWeaponSwing
FNDA:0,animateHitReact
FNDA:0,animateDeath
FNDA:11,triggerAttack
FNDA:2,triggerHitReact
FNDA:6,getAttackHitFrame
DA:21,1
DA:22,1
DA:23,1
DA:24,1
DA:25,1
DA:26,1
DA:27,1
DA:28,1
DA:29,1
DA:30,1
DA:32,1
DA:33,1
DA:34,1
DA:35,1
DA:36,1
DA:38,1
DA:39,13
DA:40,13
DA:41,13
DA:42,13
DA:43,13
DA:44,13
DA:45,13
DA:46,13
DA:48,1
DA:49,0
DA:50,0
DA:51,0
DA:52,0
DA:53,0
DA:54,0
DA:55,0
DA:56,0
DA:59,0
DA:60,0
DA:61,0
DA:62,0
DA:63,0
DA:64,0
DA:65,0
DA:68,0
DA:69,0
DA:70,0
DA:71,0
DA:74,0
DA:75,0
DA:78,0
DA:80,0
DA:81,0
DA:82,0
DA:83,0
DA:84,0
DA:85,0
DA:86,0
DA:87,0
DA:88,0
DA:89,0
DA:90,0
DA:91,0
DA:92,0
DA:93,0
DA:94,0
DA:95,0
DA:96,0
DA:97,0
DA:98,0
DA:99,0
DA:100,0
DA:101,0
DA:102,0
DA:103,0
DA:104,0
DA:105,0
DA:108,0
DA:109,0
DA:110,0
DA:111,0
DA:113,0
DA:115,0
DA:116,0
DA:117,0
DA:118,0
DA:119,0
DA:120,0
DA:121,0
DA:123,0
DA:124,0
DA:125,0
DA:126,0
DA:127,0
DA:128,0
DA:129,0
DA:130,0
DA:131,0
DA:132,0
DA:133,0
DA:134,0
DA:136,0
DA:138,0
DA:139,0
DA:140,0
DA:143,0
DA:144,0
DA:145,0
DA:146,0
DA:149,0
DA:150,0
DA:151,0
DA:153,0
DA:154,0
DA:155,0
DA:158,0
DA:159,0
DA:162,0
DA:163,0
DA:164,0
DA:165,0
DA:168,0
DA:169,0
DA:170,0
DA:171,0
DA:174,0
DA:175,0
DA:178,0
DA:179,0
DA:182,0
DA:183,0
DA:185,0
DA:186,0
DA:187,0
DA:190,0
DA:191,0
DA:194,0
DA:195,0
DA:196,0
DA:197,0
DA:200,0
DA:201,0
DA:202,0
DA:203,0
DA:206,0
DA:207,0
DA:210,0
DA:211,0
DA:214,0
DA:217,0
DA:218,0
DA:220,0
DA:222,0
DA:223,0
DA:225,0
DA:227,0
DA:228,0
DA:229,0
DA:230,0
DA:232,0
DA:233,0
DA:234,0
DA:235,0
DA:237,0
DA:238,0
DA:239,0
DA:240,0
DA:243,0
DA:244,0
DA:245,0
DA:248,0
DA:249,0
DA:250,0
DA:253,0
DA:256,0
DA:257,0
DA:258,0
DA:260,0
DA:261,0
DA:262,0
DA:264,0
DA:266,0
DA:267,0
DA:268,0
DA:269,0
DA:271,0
DA:272,0
DA:273,0
DA:274,0
DA:276,0
DA:277,0
DA:278,0
DA:280,0
DA:281,0
DA:282,0
DA:283,0
DA:286,0
DA:289,0
DA:290,0
DA:291,0
DA:292,0
DA:293,0
DA:294,0
DA:295,0
DA:298,0
DA:299,0
DA:302,0
DA:305,0
DA:306,0
DA:307,0
DA:308,0
DA:309,0
DA:311,0
DA:312,0
DA:313,0
DA:315,0
DA:317,0
DA:318,0
DA:319,0
DA:320,0
DA:322,0
DA:323,0
DA:324,0
DA:325,0
DA:327,0
DA:328,0
DA:329,0
DA:330,0
DA:333,0
DA:334,0
DA:335,0
DA:338,0
DA:339,0
DA:340,0
DA:343,0
DA:346,0
DA:347,0
DA:348,0
DA:349,0
DA:351,0
DA:352,0
DA:355,0
DA:356,0
DA:359,0
DA:360,0
DA:361,0
DA:362,0
DA:365,0
DA:366,0
DA:369,0
DA:370,0
DA:371,0
DA:373,0
DA:374,0
DA:377,0
DA:378,0
DA:381,0
DA:382,0
DA:385,0
DA:386,0
DA:387,0
DA:388,0
DA:389,0
DA:391,1
DA:392,11
DA:394,10
DA:395,10
DA:396,11
DA:397,4
DA:398,11
DA:399,11
DA:401,1
DA:402,2
DA:403,2
DA:405,2
DA:407,1
DA:409,6
DA:411,6
DA:412,3
DA:413,6
DA:414,1
DA:415,1
DA:416,1
DA:417,1
DA:419,0
DA:420,0
LF:282
LH:46
BRDA:38,0,0,13
BRDA:391,1,0,11
BRDA:392,2,0,1
BRDA:392,3,0,10
BRDA:396,4,0,6
BRDA:396,5,0,4
BRDA:397,6,0,2
BRDA:397,7,0,2
BRDA:401,8,0,2
BRDA:407,9,0,6
BRDA:409,10,0,1
BRDA:409,11,0,5
BRDA:411,12,0,3
BRDA:412,13,0,2
BRDA:413,14,0,2
BRDA:413,15,0,1
BRDA:417,16,0,0
BRF:17
BRH:16
end_of_record
TN:
SF:services/ThreeGame.ts
FN:1,(empty-report)
FNF:1
FNH:1
FNDA:1,(empty-report)
DA:2,0
DA:3,0
DA:5,0
DA:6,0
DA:7,0
DA:8,0
DA:9,0
DA:15,0
DA:21,0
DA:22,0
DA:23,0
DA:27,0
DA:31,0
DA:32,0
DA:33,0
DA:34,0
DA:35,0
DA:38,0
DA:39,0
DA:40,0
DA:41,0
DA:44,0
DA:45,0
DA:46,0
DA:47,0
DA:48,0
DA:51,0
DA:54,0
DA:55,0
DA:56,0
DA:57,0
DA:58,0
DA:59,0
DA:60,0
DA:65,0
DA:66,0
DA:69,0
DA:81,0
DA:82,0
DA:83,0
DA:84,0
DA:85,0
DA:88,0
DA:89,0
DA:92,0
DA:93,0
DA:94,0
DA:95,0
DA:96,0
DA:97,0
DA:98,0
DA:99,0
DA:100,0
DA:102,0
DA:103,0
DA:104,0
DA:110,0
DA:111,0
DA:113,0
DA:114,0
DA:115,0
DA:116,0
DA:117,0
DA:118,0
DA:119,0
DA:120,0
DA:121,0
DA:122,0
DA:123,0
DA:124,0
DA:125,0
DA:126,0
DA:127,0
DA:128,0
DA:129,0
DA:130,0
DA:131,0
DA:132,0
DA:133,0
DA:136,0
DA:137,0
DA:140,0
DA:141,0
DA:142,0
DA:144,0
DA:145,0
DA:146,0
DA:147,0
DA:148,0
DA:151,0
DA:152,0
DA:153,0
DA:155,0
DA:156,0
DA:157,0
DA:159,0
DA:160,0
DA:161,0
DA:162,0
DA:163,0
DA:164,0
DA:165,0
DA:166,0
DA:169,0
DA:170,0
DA:172,0
DA:175,0
DA:178,0
DA:179,0
DA:180,0
DA:183,0
DA:184,0
DA:185,0
DA:186,0
DA:187,0
DA:188,0
DA:191,0
DA:194,0
DA:195,0
DA:196,0
DA:197,0
DA:198,0
DA:199,0
DA:200,0
DA:202,0
DA:205,0
DA:206,0
DA:207,0
DA:208,0
DA:209,0
DA:211,0
DA:212,0
DA:213,0
DA:214,0
DA:216,0
DA:217,0
DA:220,0
DA:221,0
DA:222,0
DA:223,0
DA:224,0
DA:225,0
DA:226,0
DA:227,0
DA:228,0
DA:229,0
DA:230,0
DA:232,0
DA:233,0
DA:234,0
DA:235,0
DA:238,0
DA:239,0
DA:240,0
DA:241,0
DA:242,0
DA:244,0
DA:245,0
DA:248,0
DA:249,0
DA:250,0
DA:252,0
DA:253,0
DA:254,0
DA:255,0
DA:256,0
DA:257,0
DA:258,0
DA:259,0
DA:260,0
DA:261,0
DA:262,0
DA:263,0
DA:264,0
DA:265,0
DA:267,0
DA:268,0
DA:271,0
DA:272,0
DA:273,0
DA:274,0
DA:275,0
DA:278,0
DA:279,0
DA:280,0
DA:282,0
DA:283,0
DA:284,0
DA:285,0
DA:286,0
DA:287,0
DA:288,0
DA:291,0
DA:292,0
DA:293,0
DA:294,0
DA:295,0
DA:296,0
DA:297,0
DA:298,0
DA:299,0
DA:300,0
DA:302,0
DA:303,0
DA:305,0
DA:306,0
DA:308,0
DA:309,0
DA:310,0
DA:312,0
DA:313,0
DA:316,0
DA:317,0
DA:318,0
DA:319,0
DA:321,0
DA:323,0
DA:324,0
DA:325,0
DA:326,0
DA:327,0
DA:330,0
DA:331,0
DA:332,0
DA:333,0
DA:334,0
DA:335,0
DA:336,0
DA:337,0
DA:339,0
DA:340,0
DA:341,0
DA:342,0
DA:343,0
DA:344,0
DA:345,0
DA:347,0
DA:348,0
DA:349,0
DA:350,0
DA:351,0
DA:353,0
DA:354,0
DA:355,0
DA:356,0
DA:357,0
DA:360,0
DA:361,0
DA:362,0
DA:364,0
DA:365,0
DA:367,0
DA:368,0
DA:369,0
DA:370,0
DA:371,0
DA:372,0
DA:373,0
DA:374,0
DA:375,0
DA:376,0
DA:377,0
DA:378,0
DA:380,0
DA:381,0
DA:384,0
DA:385,0
DA:386,0
DA:387,0
DA:390,0
DA:391,0
DA:392,0
DA:393,0
DA:394,0
DA:395,0
DA:396,0
DA:399,0
DA:400,0
DA:401,0
DA:402,0
DA:403,0
DA:406,0
DA:407,0
DA:410,0
DA:411,0
DA:412,0
DA:413,0
DA:414,0
DA:415,0
DA:418,0
DA:419,0
DA:420,0
DA:421,0
DA:422,0
DA:424,0
DA:426,0
DA:427,0
DA:428,0
DA:430,0
DA:431,0
DA:433,0
DA:434,0
DA:435,0
DA:436,0
DA:437,0
DA:439,0
DA:440,0
DA:443,0
DA:446,0
DA:447,0
DA:450,0
DA:451,0
DA:454,0
DA:455,0
DA:456,0
DA:457,0
DA:458,0
DA:459,0
DA:460,0
DA:461,0
DA:462,0
DA:463,0
DA:464,0
DA:466,0
DA:467,0
DA:470,0
DA:471,0
DA:473,0
DA:474,0
DA:475,0
DA:477,0
DA:478,0
DA:479,0
DA:481,0
DA:483,0
DA:484,0
DA:485,0
DA:486,0
DA:487,0
DA:490,0
DA:491,0
DA:492,0
DA:493,0
DA:494,0
DA:495,0
DA:496,0
DA:498,0
DA:500,0
DA:501,0
DA:502,0
DA:503,0
DA:504,0
DA:506,0
DA:507,0
DA:508,0
DA:509,0
DA:510,0
DA:511,0
DA:512,0
DA:513,0
DA:514,0
DA:515,0
DA:516,0
DA:517,0
DA:518,0
DA:519,0
DA:520,0
DA:521,0
DA:522,0
DA:524,0
DA:525,0
DA:526,0
DA:527,0
DA:528,0
DA:529,0
DA:531,0
DA:532,0
DA:533,0
DA:535,0
DA:536,0
DA:538,0
DA:539,0
DA:540,0
DA:541,0
DA:542,0
DA:544,0
DA:545,0
DA:546,0
DA:547,0
DA:548,0
DA:550,0
DA:552,0
DA:554,0
DA:555,0
DA:556,0
DA:557,0
DA:558,0
DA:559,0
DA:560,0
DA:561,0
DA:562,0
DA:563,0
DA:564,0
DA:565,0
DA:566,0
DA:567,0
DA:568,0
DA:570,0
DA:572,0
DA:573,0
DA:574,0
DA:577,0
DA:580,0
DA:583,0
DA:585,0
DA:586,0
DA:589,0
DA:590,0
DA:591,0
DA:594,0
DA:595,0
DA:596,0
DA:597,0
DA:600,0
DA:601,0
DA:602,0
DA:603,0
DA:604,0
DA:607,0
DA:608,0
DA:609,0
DA:610,0
DA:613,0
DA:614,0
DA:615,0
DA:616,0
DA:617,0
DA:618,0
DA:621,0
DA:622,0
DA:623,0
DA:626,0
DA:627,0
DA:628,0
DA:629,0
DA:632,0
DA:633,0
DA:634,0
DA:635,0
DA:636,0
DA:637,0
DA:640,0
DA:641,0
DA:642,0
DA:643,0
DA:644,0
DA:645,0
DA:646,0
DA:647,0
DA:648,0
DA:651,0
DA:652,0
DA:655,0
DA:656,0
DA:659,0
DA:660,0
DA:661,0
DA:663,0
DA:664,0
DA:665,0
DA:666,0
DA:667,0
DA:669,0
DA:670,0
DA:671,0
DA:672,0
DA:673,0
DA:676,0
DA:677,0
DA:678,0
DA:679,0
DA:682,0
DA:683,0
DA:684,0
DA:687,0
DA:688,0
DA:691,0
DA:692,0
DA:695,0
DA:696,0
DA:697,0
DA:698,0
DA:699,0
DA:700,0
DA:703,0
DA:704,0
DA:705,0
DA:706,0
DA:707,0
DA:708,0
DA:709,0
DA:710,0
DA:711,0
DA:712,0
DA:713,0
DA:714,0
DA:715,0
DA:716,0
DA:717,0
DA:718,0
DA:719,0
DA:722,0
DA:723,0
DA:726,0
DA:727,0
DA:729,0
DA:730,0
DA:731,0
DA:733,0
DA:734,0
DA:735,0
DA:738,0
DA:739,0
DA:741,0
DA:742,0
DA:743,0
DA:745,0
DA:746,0
DA:747,0
DA:750,0
DA:751,0
DA:754,0
DA:755,0
DA:756,0
DA:757,0
DA:758,0
DA:761,0
DA:762,0
DA:763,0
DA:766,0
DA:767,0
DA:768,0
DA:769,0
DA:770,0
DA:771,0
DA:774,0
DA:777,0
DA:780,0
DA:783,0
DA:786,0
DA:787,0
DA:788,0
DA:789,0
DA:790,0
DA:793,0
DA:794,0
DA:795,0
DA:796,0
DA:797,0
DA:798,0
DA:799,0
DA:800,0
DA:801,0
DA:802,0
DA:803,0
DA:804,0
DA:805,0
DA:806,0
DA:807,0
DA:808,0
DA:809,0
DA:812,0
DA:813,0
DA:814,0
DA:815,0
DA:816,0
DA:819,0
DA:820,0
DA:822,0
DA:823,0
DA:825,0
DA:826,0
DA:827,0
DA:828,0
DA:829,0
DA:830,0
DA:831,0
DA:832,0
DA:834,0
DA:835,0
DA:836,0
DA:839,0
DA:841,0
DA:842,0
DA:843,0
DA:844,0
DA:845,0
DA:846,0
DA:847,0
DA:850,0
DA:851,0
DA:852,0
DA:854,0
DA:855,0
DA:856,0
DA:857,0
DA:858,0
DA:860,0
DA:861,0
DA:864,0
DA:865,0
DA:866,0
DA:869,0
DA:870,0
DA:871,0
DA:872,0
DA:873,0
DA:874,0
DA:875,0
DA:877,0
DA:878,0
DA:879,0
DA:882,0
DA:883,0
DA:884,0
DA:885,0
DA:886,0
DA:887,0
DA:889,0
DA:890,0
DA:893,0
DA:894,0
DA:895,0
DA:896,0
DA:897,0
DA:898,0
DA:900,0
DA:901,0
DA:903,0
DA:905,0
DA:906,0
DA:908,0
DA:909,0
DA:912,0
DA:913,0
DA:915,0
DA:917,0
DA:918,0
DA:919,0
DA:920,0
DA:922,0
DA:926,0
DA:927,0
DA:928,0
DA:929,0
DA:930,0
DA:933,0
DA:934,0
DA:935,0
DA:936,0
DA:938,0
DA:939,0
DA:940,0
DA:942,0
DA:943,0
DA:944,0
DA:945,0
DA:946,0
DA:948,0
DA:950,0
DA:951,0
DA:952,0
DA:954,0
DA:955,0
DA:956,0
DA:957,0
DA:958,0
DA:961,0
DA:962,0
DA:963,0
DA:966,0
DA:967,0
DA:968,0
DA:971,0
DA:972,0
DA:973,0
DA:976,0
DA:977,0
DA:978,0
DA:979,0
DA:980,0
DA:981,0
DA:984,0
DA:985,0
DA:987,0
DA:988,0
DA:989,0
DA:990,0
DA:991,0
DA:993,0
DA:994,0
DA:995,0
DA:996,0
DA:997,0
DA:998,0
DA:1001,0
DA:1002,0
DA:1003,0
DA:1004,0
DA:1005,0
DA:1006,0
DA:1009,0
DA:1010,0
DA:1012,0
DA:1014,0
DA:1015,0
DA:1017,0
DA:1018,0
DA:1019,0
DA:1020,0
DA:1021,0
DA:1024,0
DA:1025,0
DA:1026,0
DA:1028,0
DA:1029,0
DA:1030,0
DA:1032,0
DA:1033,0
DA:1034,0
DA:1036,0
DA:1037,0
DA:1038,0
DA:1040,0
DA:1041,0
DA:1042,0
DA:1043,0
DA:1044,0
DA:1047,0
DA:1049,0
DA:1052,0
DA:1053,0
DA:1054,0
DA:1055,0
DA:1058,0
DA:1059,0
DA:1061,0
DA:1063,0
DA:1064,0
DA:1066,0
DA:1067,0
DA:1069,0
DA:1070,0
DA:1071,0
DA:1073,0
DA:1074,0
DA:1075,0
DA:1078,0
DA:1079,0
DA:1080,0
DA:1081,0
DA:1082,0
DA:1083,0
DA:1084,0
DA:1085,0
DA:1086,0
DA:1087,0
DA:1089,0
DA:1090,0
DA:1091,0
DA:1092,0
DA:1095,0
DA:1096,0
DA:1099,0
DA:1102,0
DA:1103,0
DA:1104,0
DA:1105,0
DA:1106,0
DA:1107,0
DA:1108,0
DA:1109,0
DA:1112,0
DA:1114,0
DA:1115,0
DA:1116,0
DA:1118,0
DA:1119,0
DA:1120,0
DA:1123,0
DA:1124,0
DA:1127,0
DA:1128,0
DA:1129,0
DA:1131,0
DA:1132,0
DA:1133,0
DA:1134,0
DA:1135,0
DA:1136,0
DA:1137,0
DA:1138,0
DA:1140,0
DA:1143,0
DA:1145,0
DA:1146,0
DA:1147,0
DA:1148,0
DA:1149,0
DA:1150,0
DA:1153,0
DA:1154,0
DA:1157,0
DA:1158,0
DA:1159,0
DA:1160,0
DA:1161,0
DA:1164,0
DA:1165,0
DA:1166,0
DA:1167,0
DA:1168,0
DA:1170,0
DA:1172,0
DA:1173,0
DA:1174,0
DA:1175,0
DA:1178,0
DA:1179,0
DA:1180,0
DA:1182,0
DA:1183,0
DA:1184,0
DA:1185,0
DA:1186,0
DA:1187,0
DA:1188,0
DA:1190,0
DA:1191,0
DA:1192,0
DA:1193,0
DA:1195,0
DA:1198,0
DA:1199,0
DA:1200,0
DA:1201,0
DA:1202,0
DA:1203,0
DA:1204,0
DA:1205,0
DA:1206,0
DA:1207,0
DA:1208,0
DA:1210,0
DA:1211,0
DA:1212,0
DA:1213,0
DA:1215,0
DA:1216,0
DA:1217,0
DA:1218,0
DA:1219,0
DA:1220,0
DA:1222,0
DA:1223,0
DA:1224,0
DA:1226,0
DA:1227,0
DA:1228,0
DA:1229,0
DA:1230,0
DA:1231,0
DA:1232,0
DA:1233,0
DA:1234,0
DA:1236,0
DA:1237,0
DA:1238,0
DA:1239,0
DA:1240,0
DA:1242,0
DA:1243,0
DA:1244,0
DA:1245,0
DA:1247,0
DA:1249,0
DA:1250,0
DA:1251,0
DA:1252,0
DA:1253,0
DA:1254,0
DA:1255,0
DA:1256,0
DA:1257,0
DA:1258,0
DA:1259,0
DA:1260,0
DA:1263,0
DA:1264,0
DA:1267,0
DA:1268,0
DA:1269,0
DA:1270,0
DA:1272,0
DA:1273,0
DA:1274,0
DA:1275,0
DA:1276,0
DA:1277,0
DA:1279,0
DA:1280,0
DA:1282,0
DA:1283,0
DA:1284,0
DA:1285,0
DA:1286,0
DA:1287,0
DA:1288,0
DA:1289,0
DA:1290,0
DA:1291,0
DA:1292,0
DA:1294,0
DA:1295,0
DA:1296,0
DA:1297,0
DA:1298,0
DA:1299,0
DA:1300,0
DA:1301,0
DA:1302,0
DA:1303,0
DA:1305,0
DA:1306,0
DA:1307,0
DA:1308,0
DA:1310,0
DA:1311,0
DA:1312,0
DA:1313,0
DA:1315,0
DA:1316,0
DA:1318,0
DA:1319,0
DA:1320,0
DA:1321,0
DA:1322,0
DA:1324,0
DA:1325,0
DA:1326,0
DA:1329,0
DA:1330,0
DA:1331,0
DA:1332,0
DA:1333,0
DA:1336,0
DA:1339,0
DA:1340,0
DA:1341,0
DA:1342,0
DA:1343,0
DA:1344,0
DA:1345,0
DA:1346,0
DA:1347,0
DA:1348,0
DA:1349,0
DA:1351,0
DA:1352,0
DA:1353,0
DA:1354,0
DA:1356,0
DA:1357,0
DA:1358,0
DA:1359,0
DA:1360,0
DA:1361,0
DA:1362,0
DA:1363,0
DA:1364,0
DA:1365,0
DA:1366,0
DA:1367,0
DA:1368,0
LF:984
LH:0
BRDA:1,0,0,1
BRF:1
BRH:1
end_of_record
TN:
SF:services/firebase.ts
FN:1,(empty-report)
FNF:1
FNH:0
FNDA:0,(empty-report)
DA:1,0
DA:2,0
DA:3,0
DA:6,0
DA:7,0
DA:9,0
DA:11,0
DA:12,0
DA:14,0
DA:15,0
DA:16,0
DA:18,0
DA:19,0
DA:20,0
DA:21,0
DA:22,0
DA:25,0
DA:26,0
DA:27,0
DA:28,0
DA:29,0
DA:30,0
DA:31,0
DA:32,0
DA:33,0
DA:34,0
DA:35,0
DA:36,0
DA:37,0
DA:38,0
DA:41,0
DA:43,0
DA:44,0
DA:45,0
DA:46,0
DA:50,0
DA:51,0
DA:52,0
DA:53,0
DA:54,0
DA:55,0
DA:57,0
DA:59,0
DA:60,0
DA:61,0
DA:62,0
DA:63,0
DA:64,0
DA:65,0
DA:66,0
DA:67,0
DA:68,0
DA:69,0
DA:70,0
DA:71,0
DA:72,0
DA:73,0
DA:75,0
DA:76,0
DA:77,0
DA:78,0
DA:80,0
DA:81,0
DA:82,0
DA:83,0
DA:84,0
DA:85,0
DA:86,0
DA:87,0
DA:89,0
DA:90,0
DA:91,0
DA:92,0
DA:93,0
DA:94,0
DA:95,0
DA:96,0
DA:98,0
DA:99,0
DA:100,0
DA:101,0
DA:102,0
DA:103,0
DA:104,0
DA:105,0
DA:107,0
DA:108,0
DA:109,0
DA:110,0
DA:111,0
DA:112,0
DA:113,0
DA:114,0
DA:115,0
DA:116,0
DA:117,0
DA:118,0
DA:119,0
DA:120,0
DA:121,0
DA:122,0
DA:123,0
DA:125,0
DA:126,0
DA:127,0
DA:128,0
DA:129,0
DA:130,0
DA:131,0
DA:132,0
DA:133,0
DA:134,0
DA:135,0
DA:136,0
DA:137,0
DA:138,0
DA:139,0
DA:140,0
DA:141,0
DA:142,0
DA:143,0
DA:144,0
DA:145,0
DA:146,0
DA:147,0
LF:125
LH:0
BRDA:1,0,0,0
BRF:1
BRH:0
end_of_record
TN:
SF:services/world/FurnitureBuilder.ts
FN:14,FurnitureBuilder
FN:20,build
FN:36,placeAlongRoad
FN:68,buildStreetlights
FN:98,buildBenches
FN:116,buildTrashCans
FN:139,buildHydrants
FN:154,buildBollards
FN:173,buildPhoneBoxes
FN:203,buildPillarBoxes
FN:231,createStreetlight
FN:260,createBench
FN:287,createTrashCan
FN:308,createFireHydrant
FN:325,createBollard
FN:352,createPhoneBox
FN:386,createPillarBox
FNF:17
FNH:17
FNDA:2,FurnitureBuilder
FNDA:2,build
FNDA:176,placeAlongRoad
FNDA:2,buildStreetlights
FNDA:2,buildBenches
FNDA:2,buildTrashCans
FNDA:2,buildHydrants
FNDA:2,buildBollards
FNDA:2,buildPhoneBoxes
FNDA:2,buildPillarBoxes
FNDA:282,createStreetlight
FNDA:66,createBench
FNDA:44,createTrashCan
FNDA:46,createFireHydrant
FNDA:40,createBollard
FNDA:10,createPhoneBox
FNDA:8,createPillarBox
DA:1,1
DA:2,1
DA:4,1
DA:7,1
DA:9,1
DA:14,1
DA:15,2
DA:16,2
DA:17,2
DA:18,2
DA:20,1
DA:21,2
DA:22,2
DA:23,2
DA:24,2
DA:25,2
DA:26,2
DA:27,2
DA:28,2
DA:36,1
DA:37,176
DA:38,176
DA:39,176
DA:40,176
DA:41,176
DA:42,176
DA:43,176
DA:44,176
DA:45,176
DA:46,176
DA:47,176
DA:48,176
DA:50,176
DA:51,768
DA:52,768
DA:54,768
DA:55,768
DA:58,768
DA:59,730
DA:61,728
DA:62,728
DA:63,728
DA:64,176
DA:68,1
DA:69,2
DA:70,2
DA:71,2
DA:72,2
DA:74,2
DA:75,36
DA:76,72
DA:77,282
DA:78,282
DA:80,282
DA:81,282
DA:84,282
DA:85,282
DA:86,32
DA:87,32
DA:88,32
DA:89,32
DA:90,32
DA:91,72
DA:92,72
DA:93,36
DA:94,2
DA:98,1
DA:99,2
DA:100,2
DA:102,2
DA:104,36
DA:105,98
DA:106,66
DA:107,66
DA:108,66
DA:109,66
DA:110,36
DA:111,36
DA:112,2
DA:116,1
DA:118,2
DA:119,16
DA:122,16
DA:123,64
DA:124,64
DA:125,64
DA:127,64
DA:128,64
DA:130,44
DA:131,44
DA:132,44
DA:133,44
DA:134,16
DA:135,2
DA:139,1
DA:140,2
DA:142,2
DA:143,36
DA:144,48
DA:145,46
DA:146,46
DA:147,46
DA:148,36
DA:149,36
DA:150,2
DA:154,1
DA:155,2
DA:157,2
DA:158,36
DA:160,36
DA:162,36
DA:163,32
DA:164,300
DA:165,40
DA:166,40
DA:167,40
DA:168,32
DA:169,32
DA:170,16
DA:171,2
DA:173,1
DA:174,2
DA:175,2
DA:178,2
DA:179,36
DA:180,36
DA:182,28
DA:183,28
DA:184,28
DA:185,28
DA:187,28
DA:188,28
DA:189,36
DA:190,10
DA:191,10
DA:193,10
DA:195,10
DA:196,10
DA:197,10
DA:198,10
DA:199,10
DA:200,10
DA:201,2
DA:203,1
DA:204,2
DA:205,2
DA:207,2
DA:208,10
DA:209,10
DA:210,10
DA:211,10
DA:212,10
DA:214,10
DA:215,10
DA:216,10
DA:217,8
DA:218,8
DA:220,8
DA:222,8
DA:223,8
DA:224,8
DA:225,8
DA:226,8
DA:227,2
DA:231,1
DA:232,282
DA:233,282
DA:235,282
DA:236,282
DA:237,282
DA:238,282
DA:240,282
DA:241,282
DA:242,282
DA:244,282
DA:245,282
DA:246,282
DA:248,282
DA:249,282
DA:250,282
DA:251,282
DA:252,282
DA:253,282
DA:255,282
DA:256,282
DA:257,282
DA:258,282
DA:260,1
DA:261,66
DA:262,66
DA:263,66
DA:265,66
DA:266,66
DA:267,66
DA:269,66
DA:270,66
DA:271,66
DA:272,66
DA:274,66
DA:275,66
DA:276,66
DA:278,66
DA:279,66
DA:280,66
DA:282,66
DA:283,66
DA:284,66
DA:285,66
DA:287,1
DA:288,44
DA:289,44
DA:290,44
DA:291,44
DA:292,44
DA:293,44
DA:294,44
DA:296,44
DA:297,44
DA:298,44
DA:299,44
DA:300,44
DA:301,44
DA:303,44
DA:304,44
DA:305,44
DA:306,44
DA:308,1
DA:309,46
DA:310,46
DA:312,46
DA:313,46
DA:314,46
DA:316,46
DA:317,46
DA:318,46
DA:320,46
DA:321,46
DA:322,46
DA:323,46
DA:325,1
DA:326,40
DA:329,40
DA:332,40
DA:333,40
DA:334,40
DA:337,40
DA:338,40
DA:339,40
DA:340,40
DA:343,40
DA:344,40
DA:345,40
DA:347,40
DA:348,40
DA:349,40
DA:350,40
DA:352,1
DA:353,10
DA:356,10
DA:357,10
DA:360,10
DA:361,10
DA:362,10
DA:363,10
DA:366,10
DA:367,10
DA:368,10
DA:371,10
DA:372,40
DA:373,40
DA:374,40
DA:375,40
DA:376,40
DA:377,40
DA:378,40
DA:379,40
DA:381,10
DA:382,10
DA:383,10
DA:384,10
DA:386,1
DA:387,8
DA:390,8
DA:393,8
DA:394,8
DA:395,8
DA:396,8
DA:399,8
DA:400,8
DA:401,8
DA:404,8
DA:405,8
DA:406,8
DA:407,8
DA:408,8
DA:409,8
DA:412,8
DA:413,8
DA:414,8
DA:415,8
DA:416,8
DA:417,8
DA:419,8
DA:420,8
DA:421,8
DA:422,8
DA:423,1
LF:307
LH:307
BRDA:14,0,0,2
BRDA:20,1,0,2
BRDA:36,2,0,176
BRDA:45,3,0,88
BRDA:45,4,0,88
BRDA:50,5,0,768
BRDA:52,6,0,0
BRDA:58,7,0,38
BRDA:58,8,0,730
BRDA:59,9,0,2
BRDA:59,10,0,728
BRDA:68,11,0,2
BRDA:74,12,0,36
BRDA:75,13,0,72
BRDA:76,14,0,282
BRDA:80,15,0,142
BRDA:80,16,0,140
BRDA:85,17,0,128
BRDA:85,18,0,32
BRDA:98,19,0,2
BRDA:100,20,0,0
BRDA:102,21,0,36
BRDA:104,22,0,98
BRDA:105,23,0,38
BRDA:105,24,0,32
BRDA:105,25,0,66
BRDA:116,26,0,2
BRDA:118,27,0,16
BRDA:122,28,0,64
BRDA:128,29,0,20
BRDA:128,30,0,44
BRDA:139,31,0,2
BRDA:142,32,0,36
BRDA:143,33,0,48
BRDA:144,34,0,2
BRDA:144,35,0,46
BRDA:154,36,0,2
BRDA:157,37,0,36
BRDA:160,38,0,30
BRDA:160,39,0,20
BRDA:160,40,0,16
BRDA:162,41,0,32
BRDA:169,42,0,16
BRDA:163,43,0,300
BRDA:164,44,0,280
BRDA:164,45,0,260
BRDA:164,46,0,40
BRDA:173,47,0,2
BRDA:178,48,0,36
BRDA:178,49,0,36
BRDA:180,50,0,8
BRDA:180,51,0,28
BRDA:185,52,0,0
BRDA:185,53,0,28
BRDA:189,54,0,20
BRDA:189,55,0,18
BRDA:189,56,0,10
BRDA:193,57,0,0
BRDA:193,58,0,10
BRDA:203,59,0,2
BRDA:207,60,0,12
BRDA:207,61,0,10
BRDA:212,62,0,0
BRDA:216,63,0,2
BRDA:216,64,0,8
BRDA:220,65,0,0
BRDA:220,66,0,8
BRDA:231,67,0,282
BRDA:260,68,0,66
BRDA:287,69,0,44
BRDA:308,70,0,46
BRDA:325,71,0,40
BRDA:352,72,0,10
BRDA:371,73,0,40
BRDA:386,74,0,8
BRF:75
BRH:69
end_of_record
TN:
SF:services/world/IntersectionBuilderV2.ts
FN:12,IntersectionBuilderV2
FN:17,build
FN:24,buildIntersection
FN:50,buildPatch
FN:64,getApproaches
FN:86,buildCrosswalk
FN:110,buildStopBar
FN:130,buildTrafficLightForApproach
FN:146,buildTrafficLight
FN:198,buildYieldSignForApproach
FN:213,buildYieldSign
FN:261,buildCurbRamps
FNF:12
FNH:10
FNDA:3,IntersectionBuilderV2
FNDA:3,build
FNDA:11,buildIntersection
FNDA:11,buildPatch
FNDA:11,getApproaches
FNDA:23,buildCrosswalk
FNDA:21,buildStopBar
FNDA:21,buildTrafficLightForApproach
FNDA:21,buildTrafficLight
FNDA:0,buildYieldSignForApproach
FNDA:0,buildYieldSign
FNDA:11,buildCurbRamps
DA:1,1
DA:6,1
DA:8,1
DA:12,1
DA:13,3
DA:14,3
DA:15,3
DA:17,1
DA:18,3
DA:19,17
DA:20,11
DA:21,11
DA:22,3
DA:24,1
DA:26,11
DA:29,11
DA:32,11
DA:33,32
DA:34,23
DA:35,23
DA:36,32
DA:37,21
DA:38,21
DA:39,32
DA:40,21
DA:41,32
DA:42,0
DA:43,0
DA:44,32
DA:47,11
DA:48,11
DA:50,1
DA:51,11
DA:53,11
DA:54,11
DA:55,11
DA:56,11
DA:57,11
DA:58,11
DA:59,11
DA:60,11
DA:61,11
DA:62,11
DA:64,1
DA:65,11
DA:66,11
DA:67,32
DA:69,32
DA:70,32
DA:71,32
DA:72,32
DA:73,32
DA:75,32
DA:77,32
DA:78,32
DA:79,32
DA:80,32
DA:81,32
DA:82,32
DA:83,11
DA:84,11
DA:86,1
DA:87,23
DA:88,23
DA:89,23
DA:92,23
DA:93,23
DA:94,23
DA:96,23
DA:97,23
DA:98,23
DA:99,23
DA:100,23
DA:102,23
DA:103,23
DA:104,23
DA:105,23
DA:106,23
DA:107,23
DA:108,23
DA:110,1
DA:111,21
DA:112,21
DA:113,21
DA:116,21
DA:117,21
DA:118,21
DA:120,21
DA:121,21
DA:122,21
DA:123,21
DA:124,21
DA:125,21
DA:126,21
DA:127,21
DA:128,21
DA:130,1
DA:131,21
DA:132,21
DA:133,21
DA:136,21
DA:137,21
DA:138,21
DA:139,21
DA:140,21
DA:141,21
DA:143,21
DA:144,21
DA:146,1
DA:147,21
DA:150,21
DA:151,21
DA:152,21
DA:153,21
DA:154,21
DA:155,21
DA:156,21
DA:159,21
DA:160,21
DA:161,21
DA:162,21
DA:163,21
DA:164,21
DA:165,21
DA:168,21
DA:169,21
DA:170,21
DA:171,63
DA:172,63
DA:173,63
DA:174,63
DA:175,63
DA:176,63
DA:177,63
DA:178,63
DA:179,63
DA:180,63
DA:181,63
DA:182,63
DA:185,21
DA:186,21
DA:187,21
DA:188,21
DA:189,21
DA:190,21
DA:192,21
DA:193,21
DA:194,21
DA:195,21
DA:196,21
DA:198,1
DA:199,0
DA:200,0
DA:201,0
DA:203,0
DA:204,0
DA:205,0
DA:206,0
DA:207,0
DA:208,0
DA:210,0
DA:211,0
DA:213,1
DA:214,0
DA:217,0
DA:218,0
DA:219,0
DA:220,0
DA:221,0
DA:222,0
DA:223,0
DA:226,0
DA:227,0
DA:228,0
DA:229,0
DA:230,0
DA:231,0
DA:232,0
DA:234,0
DA:235,0
DA:236,0
DA:238,0
DA:239,0
DA:240,0
DA:241,0
DA:242,0
DA:243,0
DA:245,0
DA:246,0
DA:247,0
DA:248,0
DA:249,0
DA:251,0
DA:252,0
DA:253,0
DA:255,0
DA:256,0
DA:257,0
DA:258,0
DA:259,0
DA:261,1
DA:263,11
DA:264,32
DA:265,32
DA:267,32
DA:268,32
DA:269,32
DA:271,32
DA:272,32
DA:273,32
DA:274,32
DA:275,32
DA:276,32
DA:277,32
DA:278,32
DA:279,32
DA:280,32
DA:281,32
DA:282,11
DA:283,1
LF:220
LH:170
BRDA:12,0,0,3
BRDA:17,1,0,3
BRDA:18,2,0,17
BRDA:19,3,0,6
BRDA:19,4,0,11
BRDA:24,5,0,11
BRDA:32,6,0,32
BRDA:33,7,0,23
BRDA:36,8,0,21
BRDA:39,9,0,21
BRDA:41,10,0,11
BRDA:41,11,0,0
BRDA:50,12,0,11
BRDA:64,13,0,11
BRDA:66,14,0,32
BRDA:67,15,0,133
BRDA:86,16,0,23
BRDA:89,17,0,0
BRDA:105,18,0,2
BRDA:105,19,0,21
BRDA:110,20,0,21
BRDA:112,21,0,0
BRDA:130,22,0,21
BRDA:132,23,0,0
BRDA:133,24,0,0
BRDA:146,25,0,21
BRDA:170,26,0,63
BRDA:175,27,0,21
BRDA:175,28,0,42
BRDA:261,29,0,11
BRDA:263,30,0,32
BRF:31
BRH:26
end_of_record
TN:
SF:services/world/LandscapeBuilder.ts
FN:14,LandscapeBuilder
FN:23,buildEdges
FN:32,buildBackground
FN:38,buildFormalTreeRow
FN:72,buildOpenLandscapeClusters
FN:102,buildPerimeterBand
FN:127,buildFlowerBeds
FN:154,createTree
FNF:8
FNH:8
FNDA:2,LandscapeBuilder
FNDA:2,buildEdges
FNDA:2,buildBackground
FNDA:36,buildFormalTreeRow
FNDA:2,buildOpenLandscapeClusters
FNDA:2,buildPerimeterBand
FNDA:2,buildFlowerBeds
FNDA:1268,createTree
DA:1,1
DA:2,1
DA:4,1
DA:7,1
DA:9,1
DA:14,1
DA:15,2
DA:16,2
DA:17,2
DA:18,2
DA:23,1
DA:24,2
DA:25,36
DA:26,36
DA:27,2
DA:32,1
DA:33,2
DA:34,2
DA:35,2
DA:36,2
DA:38,1
DA:39,36
DA:40,36
DA:41,36
DA:42,36
DA:43,36
DA:44,20
DA:45,16
DA:47,36
DA:49,36
DA:50,72
DA:51,72
DA:52,72
DA:53,44
DA:54,72
DA:55,362
DA:56,362
DA:58,362
DA:59,362
DA:62,362
DA:63,362
DA:65,350
DA:66,350
DA:67,350
DA:68,350
DA:69,44
DA:70,36
DA:72,1
DA:73,2
DA:74,2
DA:75,2
DA:76,2
DA:78,2
DA:79,102
DA:80,102
DA:82,102
DA:83,102
DA:86,84
DA:87,102
DA:88,310
DA:89,310
DA:91,310
DA:93,308
DA:94,310
DA:95,310
DA:96,310
DA:97,310
DA:98,310
DA:99,84
DA:100,2
DA:102,1
DA:103,2
DA:104,2
DA:105,2
DA:107,2
DA:108,158
DA:109,316
DA:110,316
DA:111,316
DA:112,316
DA:113,316
DA:114,316
DA:115,158
DA:116,2
DA:117,150
DA:118,300
DA:119,300
DA:120,300
DA:121,300
DA:122,300
DA:123,300
DA:124,150
DA:125,2
DA:127,1
DA:128,2
DA:129,2
DA:131,2
DA:132,40
DA:133,40
DA:135,40
DA:136,40
DA:138,32
DA:139,40
DA:140,122
DA:141,122
DA:142,122
DA:143,122
DA:144,122
DA:145,122
DA:146,122
DA:147,32
DA:148,32
DA:149,32
DA:150,2
DA:154,1
DA:155,1268
DA:156,1268
DA:157,1268
DA:159,1268
DA:160,552
DA:161,552
DA:162,552
DA:163,552
DA:164,552
DA:165,552
DA:166,552
DA:167,552
DA:168,552
DA:170,552
DA:171,552
DA:172,552
DA:174,552
DA:175,552
DA:176,552
DA:177,552
DA:179,552
DA:180,552
DA:181,552
DA:183,552
DA:184,552
DA:185,552
DA:187,1268
DA:188,642
DA:189,642
DA:190,642
DA:191,642
DA:192,642
DA:193,642
DA:194,642
DA:195,642
DA:196,642
DA:198,642
DA:199,642
DA:200,642
DA:202,642
DA:203,642
DA:204,642
DA:205,642
DA:207,642
DA:208,642
DA:209,642
DA:211,642
DA:212,642
DA:213,642
DA:215,716
DA:216,74
DA:217,74
DA:218,74
DA:220,74
DA:221,222
DA:222,222
DA:223,222
DA:224,222
DA:225,222
DA:226,74
DA:227,74
DA:228,74
DA:229,222
DA:230,74
DA:231,1268
DA:232,1268
DA:233,1
LF:182
LH:182
BRDA:14,0,0,2
BRDA:23,1,0,2
BRDA:24,2,0,36
BRDA:32,3,0,2
BRDA:38,4,0,36
BRDA:43,5,0,22
BRDA:43,6,0,20
BRDA:44,7,0,16
BRDA:49,8,0,72
BRDA:50,9,0,36
BRDA:50,10,0,36
BRDA:52,11,0,28
BRDA:52,12,0,44
BRDA:54,13,0,362
BRDA:56,14,0,0
BRDA:62,15,0,0
BRDA:63,16,0,12
BRDA:63,17,0,350
BRDA:68,18,0,44
BRDA:72,19,0,2
BRDA:78,20,0,102
BRDA:83,21,0,18
BRDA:83,22,0,84
BRDA:87,23,0,310
BRDA:91,24,0,2
BRDA:91,25,0,308
BRDA:94,26,0,140
BRDA:94,27,0,168
BRDA:94,28,0,94
BRDA:94,29,0,74
BRDA:98,30,0,84
BRDA:102,31,0,2
BRDA:107,32,0,158
BRDA:108,33,0,316
BRDA:109,34,0,0
BRDA:110,35,0,194
BRDA:110,36,0,122
BRDA:116,37,0,150
BRDA:117,38,0,300
BRDA:118,39,0,6
BRDA:118,40,0,294
BRDA:119,41,0,158
BRDA:119,42,0,136
BRDA:127,43,0,2
BRDA:131,44,0,40
BRDA:136,45,0,8
BRDA:136,46,0,8
BRDA:136,47,0,32
BRDA:139,48,0,122
BRDA:146,49,0,32
BRDA:154,50,0,1268
BRDA:159,51,0,552
BRDA:187,52,0,716
BRDA:187,53,0,642
BRDA:215,54,0,74
BRDA:220,55,0,222
BRDA:225,56,0,74
BRF:57
BRH:54
end_of_record
TN:
SF:services/world/PathRoadBuilder.ts
FN:16,PathRoadBuilder
FN:21,build
FN:29,buildGround
FN:42,buildRoad
FN:71,computeJointAt
FN:99,computeOffsetAtWaypoint
FN:118,buildSegmentCarriageway
FN:146,buildLaneFeatures
FN:198,buildLaneSurface
FN:223,getLaneSeparator
FN:241,buildKerbMarking
FN:271,buildDashedLine
FN:338,buildSegmentCurbs
FN:354,buildExtrudedBox
FN:409,buildSegmentFurnishing
FN:440,buildSegmentSidewalks
FN:477,createQuadGeometry
FN:519,setQuadUVs
FNF:18
FNH:18
FNDA:3,PathRoadBuilder
FNDA:3,build
FNDA:3,buildGround
FNDA:54,buildRoad
FNDA:156,computeJointAt
FNDA:1476,computeOffsetAtWaypoint
FNDA:78,buildSegmentCarriageway
FNDA:78,buildLaneFeatures
FNDA:57,buildLaneSurface
FNDA:132,getLaneSeparator
FNDA:156,buildKerbMarking
FNDA:342,buildDashedLine
FNDA:78,buildSegmentCurbs
FNDA:156,buildExtrudedBox
FNDA:78,buildSegmentFurnishing
FNDA:78,buildSegmentSidewalks
FNDA:2412,createQuadGeometry
FNDA:78,setQuadUVs
DA:1,1
DA:2,1
DA:7,1
DA:12,1
DA:16,1
DA:17,3
DA:18,3
DA:19,3
DA:21,1
DA:22,3
DA:24,3
DA:25,54
DA:26,54
DA:27,3
DA:29,1
DA:30,3
DA:31,3
DA:32,3
DA:33,3
DA:34,3
DA:35,3
DA:36,3
DA:37,3
DA:38,3
DA:39,3
DA:40,3
DA:42,1
DA:43,54
DA:44,54
DA:46,54
DA:47,54
DA:49,54
DA:50,78
DA:51,78
DA:54,78
DA:55,78
DA:57,78
DA:58,78
DA:59,78
DA:60,78
DA:61,78
DA:63,78
DA:64,78
DA:65,54
DA:71,1
DA:72,156
DA:73,156
DA:74,156
DA:75,156
DA:76,156
DA:77,156
DA:78,156
DA:79,156
DA:80,156
DA:82,156
DA:83,156
DA:85,156
DA:86,156
DA:88,156
DA:89,156
DA:91,156
DA:92,156
DA:94,156
DA:95,156
DA:96,156
DA:97,156
DA:99,1
DA:100,1476
DA:101,1476
DA:102,516
DA:103,516
DA:104,516
DA:105,1476
DA:106,516
DA:107,516
DA:108,516
DA:110,444
DA:111,444
DA:112,444
DA:113,1476
DA:114,1476
DA:118,1
DA:119,78
DA:120,78
DA:121,78
DA:122,78
DA:123,78
DA:124,78
DA:125,78
DA:126,78
DA:127,78
DA:128,78
DA:129,78
DA:130,78
DA:131,78
DA:134,78
DA:136,78
DA:137,78
DA:138,78
DA:139,78
DA:140,78
DA:141,78
DA:142,78
DA:143,78
DA:144,78
DA:146,1
DA:147,78
DA:148,78
DA:149,78
DA:150,78
DA:151,78
DA:152,78
DA:153,78
DA:154,78
DA:155,78
DA:156,78
DA:157,78
DA:158,78
DA:159,78
DA:160,78
DA:162,78
DA:163,210
DA:164,210
DA:165,210
DA:167,210
DA:168,57
DA:169,57
DA:171,210
DA:172,132
DA:173,132
DA:174,132
DA:175,132
DA:176,132
DA:177,132
DA:178,132
DA:179,132
DA:180,132
DA:181,132
DA:182,132
DA:183,132
DA:184,132
DA:185,132
DA:186,132
DA:187,132
DA:189,210
DA:190,210
DA:192,78
DA:193,78
DA:194,78
DA:195,78
DA:196,78
DA:198,1
DA:199,57
DA:200,57
DA:201,57
DA:202,57
DA:203,57
DA:204,57
DA:205,57
DA:206,57
DA:207,57
DA:208,57
DA:209,57
DA:211,57
DA:212,57
DA:213,57
DA:214,57
DA:215,57
DA:216,57
DA:217,57
DA:218,57
DA:219,57
DA:220,57
DA:221,57
DA:223,1
DA:228,132
DA:229,132
DA:230,30
DA:231,30
DA:232,132
DA:233,69
DA:234,69
DA:235,132
DA:236,27
DA:237,27
DA:238,6
DA:239,132
DA:241,1
DA:242,156
DA:243,156
DA:244,156
DA:245,156
DA:246,156
DA:247,156
DA:248,156
DA:249,156
DA:250,156
DA:251,54
DA:252,54
DA:253,156
DA:254,72
DA:255,144
DA:256,144
DA:257,72
DA:258,156
DA:259,0
DA:260,0
DA:261,156
DA:262,6
DA:263,12
DA:264,12
DA:265,6
DA:266,156
DA:267,24
DA:268,156
DA:269,156
DA:271,1
DA:272,342
DA:273,342
DA:274,342
DA:275,342
DA:276,342
DA:277,342
DA:278,342
DA:279,342
DA:280,342
DA:281,342
DA:282,342
DA:283,342
DA:284,342
DA:285,342
DA:287,342
DA:289,240
DA:290,240
DA:291,240
DA:292,240
DA:293,240
DA:294,240
DA:296,240
DA:297,240
DA:298,240
DA:299,240
DA:300,240
DA:301,240
DA:304,102
DA:305,342
DA:306,1737
DA:307,1737
DA:308,1737
DA:310,1737
DA:312,1725
DA:313,1725
DA:314,1725
DA:315,1725
DA:316,1725
DA:317,1725
DA:318,1725
DA:319,1725
DA:320,1725
DA:321,1725
DA:323,1725
DA:324,1725
DA:325,1725
DA:326,1725
DA:327,1725
DA:329,1725
DA:330,1725
DA:331,1725
DA:332,1725
DA:333,1725
DA:334,342
DA:338,1
DA:339,78
DA:340,78
DA:341,78
DA:342,78
DA:343,78
DA:344,78
DA:345,78
DA:346,78
DA:349,78
DA:351,78
DA:352,78
DA:354,1
DA:355,156
DA:356,156
DA:357,156
DA:358,156
DA:359,156
DA:360,156
DA:361,156
DA:362,156
DA:363,156
DA:366,156
DA:368,156
DA:369,156
DA:370,156
DA:371,156
DA:373,156
DA:374,156
DA:375,156
DA:376,156
DA:377,156
DA:379,156
DA:381,156
DA:383,156
DA:385,156
DA:387,156
DA:389,156
DA:391,156
DA:392,156
DA:394,156
DA:395,156
DA:396,156
DA:397,156
DA:399,156
DA:400,156
DA:401,156
DA:402,156
DA:403,156
DA:404,156
DA:405,156
DA:409,1
DA:410,78
DA:411,78
DA:412,78
DA:413,78
DA:414,78
DA:415,78
DA:416,78
DA:417,78
DA:418,78
DA:419,78
DA:422,78
DA:423,78
DA:424,78
DA:425,78
DA:426,78
DA:427,78
DA:430,78
DA:431,78
DA:432,78
DA:433,78
DA:434,78
DA:435,78
DA:436,78
DA:440,1
DA:441,78
DA:442,78
DA:443,78
DA:444,78
DA:445,78
DA:446,78
DA:447,78
DA:448,78
DA:449,78
DA:450,78
DA:451,78
DA:454,78
DA:455,78
DA:456,78
DA:457,78
DA:458,78
DA:459,78
DA:462,78
DA:463,78
DA:464,78
DA:465,78
DA:466,78
DA:467,78
DA:468,78
DA:477,1
DA:478,2412
DA:479,2412
DA:480,2412
DA:481,2412
DA:482,2412
DA:483,2412
DA:484,2412
DA:485,2412
DA:486,2412
DA:487,2412
DA:488,2412
DA:489,2412
DA:491,2412
DA:492,2412
DA:493,2412
DA:494,2412
DA:495,2412
DA:496,2412
DA:498,2412
DA:499,2412
DA:500,2412
DA:501,2412
DA:502,2412
DA:503,2412
DA:505,2412
DA:507,2412
DA:508,2412
DA:509,2412
DA:510,2412
DA:511,2412
DA:512,2412
DA:513,2412
DA:519,1
DA:520,78
DA:521,78
DA:522,78
DA:523,78
DA:524,78
DA:525,78
DA:526,78
DA:527,78
DA:529,78
DA:530,78
DA:531,78
DA:532,78
DA:533,78
DA:534,78
DA:535,78
DA:536,78
DA:537,1
LF:422
LH:420
BRDA:16,0,0,3
BRDA:21,1,0,3
BRDA:24,2,0,54
BRDA:29,3,0,3
BRDA:42,4,0,54
BRDA:44,5,0,0
BRDA:49,6,0,78
BRDA:71,7,0,156
BRDA:99,8,0,1476
BRDA:101,9,0,516
BRDA:104,10,0,960
BRDA:105,11,0,516
BRDA:108,12,0,444
BRDA:113,13,0,216
BRDA:113,14,0,228
BRDA:118,15,0,78
BRDA:146,16,0,78
BRDA:162,17,0,210
BRDA:167,18,0,57
BRDA:171,19,0,132
BRDA:198,20,0,57
BRDA:211,21,0,27
BRDA:211,22,0,30
BRDA:212,23,0,27
BRDA:212,24,0,30
BRDA:223,25,0,132
BRDA:229,26,0,117
BRDA:229,27,0,30
BRDA:231,28,0,102
BRDA:232,29,0,69
BRDA:234,30,0,33
BRDA:235,31,0,18
BRDA:235,32,0,27
BRDA:237,33,0,6
BRDA:241,34,0,156
BRDA:250,35,0,54
BRDA:253,36,0,72
BRDA:254,37,0,144
BRDA:258,38,0,0
BRDA:261,39,0,6
BRDA:262,40,0,12
BRDA:266,41,0,24
BRDA:271,42,0,342
BRDA:287,43,0,240
BRDA:301,44,0,102
BRDA:305,45,0,1737
BRDA:310,46,0,12
BRDA:310,47,0,1725
BRDA:338,48,0,78
BRDA:354,49,0,156
BRDA:409,50,0,78
BRDA:440,51,0,78
BRDA:477,52,0,2412
BRDA:519,53,0,78
BRF:54
BRH:52
end_of_record
TN:
SF:services/world/RoadGeometry.ts
FN:7,sub
FN:12,add
FN:17,scale
FN:22,length
FN:27,normalize
FN:34,dot
FN:39,cross
FN:44,perpCW
FN:49,perpCCW
FN:54,dist
FN:59,angle
FN:71,segmentDir
FN:76,segmentLength
FN:85,segmentIntersection
FN:112,closestPointOnSegment
FN:132,polylineLength
FN:141,samplePolyline
FN:162,polylineSegments
FN:182,computeMiterJoint
FN:223,segmentOrientedRect
FN:242,pointInOrientedRect
FN:255,rasterizeOrientedRect
FN:291,getOrientedRectCorners
FN:307,rasterizeAnnulus
FN:336,rasterizeCircle
FNF:25
FNH:20
FNDA:110050,sub
FNDA:22104,add
FNDA:20932,scale
FNDA:7010,length
FNDA:4526,normalize
FNDA:194536,dot
FNDA:0,cross
FNDA:6446,perpCW
FNDA:0,perpCCW
FNDA:2484,dist
FNDA:0,angle
FNDA:364,segmentDir
FNDA:598,segmentLength
FNDA:0,segmentIntersection
FNDA:0,closestPointOnSegment
FNDA:250,polylineLength
FNDA:1168,samplePolyline
FNDA:90,polylineSegments
FNDA:444,computeMiterJoint
FNDA:364,segmentOrientedRect
FNDA:97046,pointInOrientedRect
FNDA:364,rasterizeOrientedRect
FNDA:364,getOrientedRectCorners
FNDA:52,rasterizeAnnulus
FNDA:46,rasterizeCircle
DA:7,1
DA:8,110050
DA:9,110050
DA:12,1
DA:13,22104
DA:14,22104
DA:17,1
DA:18,20932
DA:19,20932
DA:22,1
DA:23,7010
DA:24,7010
DA:27,1
DA:28,4526
DA:29,4526
DA:30,4526
DA:31,4526
DA:34,1
DA:35,194536
DA:36,194536
DA:39,1
DA:40,0
DA:41,0
DA:44,1
DA:45,6446
DA:46,6446
DA:49,1
DA:50,0
DA:51,0
DA:54,1
DA:55,2484
DA:56,2484
DA:59,1
DA:60,0
DA:61,0
DA:71,1
DA:72,364
DA:73,364
DA:76,1
DA:77,598
DA:78,598
DA:85,1
DA:86,0
DA:87,0
DA:88,0
DA:89,0
DA:90,0
DA:91,0
DA:93,0
DA:95,0
DA:96,0
DA:97,0
DA:99,0
DA:101,0
DA:102,0
DA:103,0
DA:104,0
DA:105,0
DA:106,0
DA:112,1
DA:113,0
DA:114,0
DA:115,0
DA:116,0
DA:117,0
DA:119,0
DA:120,0
DA:121,0
DA:123,0
DA:124,0
DA:125,0
DA:126,0
DA:127,0
DA:132,1
DA:133,250
DA:134,250
DA:135,368
DA:136,368
DA:137,250
DA:138,250
DA:141,1
DA:142,1168
DA:143,1168
DA:144,1168
DA:145,1168
DA:146,1168
DA:147,1518
DA:148,1518
DA:149,1168
DA:150,1168
DA:151,1168
DA:152,1168
DA:153,1168
DA:154,1168
DA:155,1168
DA:156,350
DA:157,350
DA:158,0
DA:159,0
DA:162,1
DA:163,90
DA:164,90
DA:165,130
DA:166,130
DA:167,90
DA:168,90
DA:182,1
DA:183,444
DA:184,444
DA:185,444
DA:186,444
DA:187,444
DA:188,444
DA:189,444
DA:190,444
DA:193,444
DA:196,444
DA:198,444
DA:200,0
DA:201,0
DA:202,0
DA:203,0
DA:204,0
DA:206,444
DA:207,444
DA:208,444
DA:209,444
DA:210,444
DA:211,444
DA:223,1
DA:224,364
DA:225,364
DA:226,364
DA:227,364
DA:228,364
DA:229,364
DA:230,364
DA:231,364
DA:233,364
DA:234,364
DA:235,364
DA:236,364
DA:237,364
DA:238,364
DA:239,364
DA:242,1
DA:243,97046
DA:244,97046
DA:245,97046
DA:246,97046
DA:247,97046
DA:255,1
DA:256,364
DA:257,364
DA:258,364
DA:259,364
DA:260,364
DA:261,364
DA:263,364
DA:264,364
DA:265,364
DA:266,1456
DA:267,1456
DA:268,1456
DA:269,1456
DA:270,1456
DA:272,364
DA:273,364
DA:274,364
DA:275,364
DA:277,364
DA:278,13600
DA:279,97046
DA:280,97046
DA:281,97046
DA:282,97046
DA:283,97046
DA:284,37980
DA:285,37980
DA:286,97046
DA:287,13600
DA:288,364
DA:291,1
DA:292,364
DA:293,364
DA:294,364
DA:295,364
DA:296,364
DA:297,364
DA:298,364
DA:299,364
DA:300,364
DA:307,1
DA:308,52
DA:309,52
DA:310,52
DA:311,52
DA:312,52
DA:313,52
DA:314,52
DA:315,52
DA:316,52
DA:317,52
DA:318,52
DA:319,52
DA:321,52
DA:322,554
DA:323,8166
DA:324,8166
DA:325,8166
DA:326,8166
DA:327,8166
DA:328,8166
DA:329,4932
DA:330,4932
DA:331,8166
DA:332,554
DA:333,52
DA:336,1
DA:337,46
DA:338,46
DA:339,46
DA:340,46
DA:341,46
DA:342,46
DA:343,46
DA:344,46
DA:345,46
LF:228
LH:185
BRDA:7,0,0,110050
BRDA:12,1,0,22104
BRDA:17,2,0,20932
BRDA:22,3,0,7010
BRDA:27,4,0,4526
BRDA:29,5,0,0
BRDA:34,6,0,194536
BRDA:44,7,0,6446
BRDA:54,8,0,2484
BRDA:71,9,0,364
BRDA:76,10,0,598
BRDA:132,11,0,250
BRDA:134,12,0,368
BRDA:141,13,0,1168
BRDA:146,14,0,1518
BRDA:148,15,0,350
BRDA:148,16,0,1168
BRDA:149,17,0,0
BRDA:155,18,0,350
BRDA:157,19,0,0
BRDA:162,20,0,90
BRDA:164,21,0,130
BRDA:182,22,0,444
BRDA:198,23,0,0
BRDA:223,24,0,364
BRDA:242,25,0,97046
BRDA:246,26,0,38456
BRDA:255,27,0,364
BRDA:265,28,0,1456
BRDA:277,29,0,13600
BRDA:278,30,0,97046
BRDA:283,31,0,37980
BRDA:291,32,0,364
BRDA:307,33,0,52
BRDA:321,34,0,554
BRDA:322,35,0,8166
BRDA:328,36,0,7422
BRDA:328,37,0,4932
BRDA:336,38,0,46
BRF:39
BRH:35
end_of_record
TN:
SF:services/world/RoundaboutBuilder.ts
FN:9,RoundaboutBuilder
FN:14,build
FN:22,buildRoundabout
FN:54,buildCarriagewayRing
FN:74,buildCentralIsland
FN:96,buildCurbRing
FN:123,buildDirectionArrows
FN:171,buildYieldSign
FN:206,createYieldSign
FN:239,buildIslandDecoration
FNF:10
FNH:10
FNDA:2,RoundaboutBuilder
FNDA:2,build
FNDA:6,buildRoundabout
FNDA:6,buildCarriagewayRing
FNDA:6,buildCentralIsland
FNDA:12,buildCurbRing
FNDA:6,buildDirectionArrows
FNDA:20,buildYieldSign
FNDA:20,createYieldSign
FNDA:6,buildIslandDecoration
DA:1,1
DA:5,1
DA:9,1
DA:10,2
DA:11,2
DA:12,2
DA:14,1
DA:15,2
DA:16,16
DA:17,6
DA:18,6
DA:19,16
DA:20,2
DA:22,1
DA:23,6
DA:24,6
DA:25,6
DA:26,6
DA:27,6
DA:30,6
DA:33,6
DA:36,6
DA:39,6
DA:42,6
DA:45,6
DA:46,20
DA:47,20
DA:48,20
DA:51,6
DA:52,6
DA:54,1
DA:55,6
DA:56,6
DA:57,6
DA:58,6
DA:59,6
DA:60,6
DA:61,6
DA:62,6
DA:63,6
DA:64,6
DA:65,6
DA:66,6
DA:67,6
DA:68,6
DA:69,6
DA:70,6
DA:71,6
DA:72,6
DA:74,1
DA:75,6
DA:76,6
DA:77,6
DA:78,6
DA:79,6
DA:80,6
DA:81,6
DA:82,6
DA:83,6
DA:85,6
DA:87,6
DA:88,6
DA:89,6
DA:90,6
DA:91,6
DA:92,6
DA:93,6
DA:94,6
DA:96,1
DA:97,12
DA:98,12
DA:99,12
DA:100,12
DA:101,12
DA:102,12
DA:103,12
DA:104,12
DA:105,12
DA:106,12
DA:107,12
DA:108,12
DA:109,12
DA:110,12
DA:111,12
DA:114,12
DA:115,12
DA:116,12
DA:117,12
DA:118,12
DA:119,12
DA:120,12
DA:121,12
DA:123,1
DA:124,6
DA:125,6
DA:126,6
DA:127,6
DA:128,6
DA:130,6
DA:131,6
DA:133,6
DA:134,24
DA:135,24
DA:136,24
DA:139,24
DA:140,24
DA:142,24
DA:144,24
DA:147,24
DA:148,24
DA:149,24
DA:150,24
DA:151,24
DA:154,24
DA:155,24
DA:156,24
DA:157,24
DA:158,24
DA:159,24
DA:160,24
DA:161,24
DA:162,24
DA:163,24
DA:165,24
DA:166,24
DA:167,24
DA:168,24
DA:169,6
DA:171,1
DA:172,20
DA:173,20
DA:174,20
DA:175,20
DA:176,20
DA:178,20
DA:179,20
DA:180,20
DA:182,20
DA:185,20
DA:186,20
DA:187,20
DA:188,20
DA:189,20
DA:190,20
DA:191,20
DA:194,20
DA:195,20
DA:197,20
DA:198,20
DA:200,20
DA:201,20
DA:202,20
DA:203,20
DA:204,20
DA:206,1
DA:207,20
DA:210,20
DA:211,20
DA:212,20
DA:213,20
DA:214,20
DA:215,20
DA:217,20
DA:218,20
DA:219,20
DA:220,20
DA:223,20
DA:224,20
DA:225,20
DA:226,20
DA:227,20
DA:228,20
DA:230,20
DA:231,20
DA:232,20
DA:233,20
DA:234,20
DA:236,20
DA:237,20
DA:239,1
DA:241,6
DA:244,6
DA:245,6
DA:246,6
DA:247,6
DA:248,6
DA:249,6
DA:252,6
DA:253,6
DA:254,6
DA:255,6
DA:256,6
DA:257,6
DA:260,6
DA:261,6
DA:262,6
DA:263,6
DA:264,6
DA:265,6
DA:267,6
DA:268,6
DA:269,6
DA:270,6
DA:271,6
DA:272,1
LF:205
LH:205
BRDA:9,0,0,2
BRDA:14,1,0,2
BRDA:15,2,0,16
BRDA:16,3,0,6
BRDA:22,4,0,6
BRDA:23,5,0,0
BRDA:24,6,0,0
BRDA:45,7,0,20
BRDA:54,8,0,6
BRDA:74,9,0,6
BRDA:96,10,0,12
BRDA:123,11,0,6
BRDA:133,12,0,24
BRDA:171,13,0,20
BRDA:206,14,0,20
BRDA:239,15,0,6
BRF:16
BRH:14
end_of_record
TN:
SF:services/world/SeededRandom.ts
FN:4,SeededRandom
FN:11,next
FN:20,float
FN:24,int
FN:28,pick
FN:33,hashString
FNF:6
FNH:6
FNDA:97,SeededRandom
FNDA:187982,next
FNDA:75816,float
FNDA:2160,int
FNDA:2160,pick
FNDA:93,hashString
DA:1,1
DA:4,1
DA:5,97
DA:6,97
DA:7,0
DA:8,0
DA:9,97
DA:11,1
DA:13,187982
DA:14,187982
DA:15,187982
DA:16,187982
DA:17,187982
DA:18,187982
DA:20,1
DA:21,75816
DA:22,75816
DA:24,1
DA:25,2160
DA:26,2160
DA:28,1
DA:29,2160
DA:30,2160
DA:31,1
DA:33,1
DA:34,93
DA:35,93
DA:36,1275
DA:37,1275
DA:38,1275
DA:39,93
DA:40,93
LF:32
LH:30
BRDA:4,0,0,97
BRDA:6,1,0,0
BRDA:11,2,0,187982
BRDA:20,3,0,75816
BRDA:24,4,0,2160
BRDA:28,5,0,2160
BRDA:33,6,0,93
BRDA:35,7,0,1275
BRF:8
BRH:7
end_of_record
TN:
SF:services/world/TextureFactory.ts
FN:8,TextureFactory
FN:12,createRandom
FN:16,createGrassTexture
FN:50,createSidewalkTexture
FN:75,createSegmentRoadTexture
FN:100,createRoundaboutTexture
FN:122,createCurbTexture
FN:126,createCrosswalkTexture
FN:155,createStopBarTexture
FN:170,createFurnishingStripTexture
FNF:10
FNH:8
FNDA:4,TextureFactory
FNDA:93,createRandom
FNDA:9,createGrassTexture
FNDA:78,createSidewalkTexture
FNDA:78,createSegmentRoadTexture
FNDA:6,createRoundaboutTexture
FNDA:0,createCurbTexture
FNDA:23,createCrosswalkTexture
FNDA:0,createStopBarTexture
FNDA:78,createFurnishingStripTexture
DA:1,1
DA:3,1
DA:5,1
DA:8,1
DA:9,4
DA:10,4
DA:12,1
DA:13,93
DA:14,93
DA:16,1
DA:17,9
DA:18,9
DA:19,9
DA:20,9
DA:21,9
DA:22,9
DA:23,9
DA:24,9
DA:25,1800
DA:26,1800
DA:27,1800
DA:28,1800
DA:29,9
DA:30,360
DA:31,360
DA:32,360
DA:33,360
DA:34,360
DA:35,360
DA:36,360
DA:37,360
DA:38,360
DA:39,9
DA:40,72
DA:41,72
DA:42,72
DA:43,9
DA:44,9
DA:45,9
DA:46,9
DA:47,9
DA:48,9
DA:50,1
DA:51,78
DA:52,78
DA:53,78
DA:54,78
DA:55,78
DA:56,78
DA:57,78
DA:58,78
DA:59,390
DA:60,390
DA:61,390
DA:62,390
DA:63,78
DA:64,78
DA:65,78
DA:66,78
DA:67,78
DA:68,78
DA:75,1
DA:76,78
DA:77,78
DA:78,78
DA:79,78
DA:82,78
DA:83,78
DA:84,78
DA:87,78
DA:88,31200
DA:89,31200
DA:90,31200
DA:91,31200
DA:93,78
DA:94,78
DA:95,78
DA:96,78
DA:97,78
DA:100,1
DA:101,6
DA:102,6
DA:103,6
DA:104,6
DA:106,6
DA:107,6
DA:109,6
DA:110,3000
DA:111,3000
DA:112,3000
DA:113,3000
DA:115,6
DA:116,6
DA:117,6
DA:118,6
DA:119,6
DA:120,6
DA:122,1
DA:123,0
DA:124,0
DA:126,1
DA:127,23
DA:128,23
DA:129,23
DA:132,23
DA:133,23
DA:135,23
DA:136,0
DA:137,0
DA:138,23
DA:139,23
DA:140,23
DA:141,23
DA:142,23
DA:143,136
DA:144,136
DA:145,136
DA:146,136
DA:147,136
DA:148,23
DA:150,23
DA:151,23
DA:152,23
DA:153,23
DA:155,1
DA:156,0
DA:157,0
DA:158,0
DA:160,0
DA:161,0
DA:162,0
DA:163,0
DA:165,0
DA:166,0
DA:167,0
DA:168,0
DA:170,1
DA:171,78
DA:172,78
DA:173,78
DA:176,78
DA:177,78
DA:180,78
DA:181,78
DA:182,6240
DA:183,6240
DA:184,6240
DA:187,78
DA:188,312
DA:189,312
DA:190,312
DA:192,78
DA:193,78
DA:194,78
DA:195,78
DA:196,78
DA:197,78
DA:198,1
LF:158
LH:143
BRDA:8,0,0,4
BRDA:12,1,0,93
BRDA:16,2,0,9
BRDA:24,3,0,1800
BRDA:29,4,0,360
BRDA:39,5,0,72
BRDA:50,6,0,78
BRDA:58,7,0,390
BRDA:75,8,0,78
BRDA:82,9,0,12
BRDA:82,10,0,66
BRDA:82,11,0,27
BRDA:82,12,0,39
BRDA:87,13,0,31200
BRDA:100,14,0,6
BRDA:109,15,0,3000
BRDA:126,16,0,23
BRDA:135,17,0,0
BRDA:140,18,0,2
BRDA:140,19,0,21
BRDA:142,20,0,136
BRDA:143,21,0,10
BRDA:143,22,0,126
BRDA:144,23,0,10
BRDA:144,24,0,126
BRDA:145,25,0,10
BRDA:145,26,0,126
BRDA:170,27,0,78
BRDA:181,28,0,6240
BRDA:187,29,0,312
BRF:30
BRH:29
end_of_record
TN:
SF:services/world/WorldBuilder.ts
FN:19,WorldBuilder
FN:23,build
FN:51,getConfig
FNF:3
FNH:2
FNDA:2,WorldBuilder
FNDA:2,build
FNDA:0,getConfig
DA:1,1
DA:2,1
DA:3,1
DA:4,1
DA:5,1
DA:6,1
DA:7,1
DA:8,1
DA:9,1
DA:16,1
DA:19,1
DA:20,2
DA:21,2
DA:23,1
DA:24,2
DA:25,2
DA:26,2
DA:27,2
DA:28,2
DA:29,2
DA:30,2
DA:33,2
DA:34,2
DA:35,2
DA:36,2
DA:37,2
DA:38,2
DA:41,2
DA:42,2
DA:43,10902
DA:44,2
DA:45,2
DA:46,2
DA:48,2
DA:49,2
DA:51,1
DA:52,0
DA:53,0
DA:54,1
LF:39
LH:37
BRDA:19,0,0,2
BRDA:20,1,0,0
BRDA:23,2,0,2
BRDA:42,3,0,10902
BRDA:43,4,0,8982
BRDA:43,5,0,2
BRF:6
BRH:5
end_of_record
TN:
SF:services/world/WorldConfigV2.ts
FN:143,sumLaneWidths
FN:147,defaultKerbMarking
FN:160,createKerbsideConfig
FN:175,createDefaultLaneLayout
FN:202,buildRoadConfig
FN:236,getLaneLayout
FN:242,getCarriagewayWidth
FN:246,getKerbsideConfig
FN:256,boulevard
FN:263,mainRoad
FN:270,secondaryRoad
FN:277,lane
FN:298,createLondonWorldConfig
FNF:13
FNH:13
FNDA:624,sumLaneWidths
FNDA:144,defaultKerbMarking
FNDA:144,createKerbsideConfig
FNDA:40,createDefaultLaneLayout
FNDA:72,buildRoadConfig
FNDA:632,getLaneLayout
FNDA:552,getCarriagewayWidth
FNDA:826,getKerbsideConfig
FNDA:12,boulevard
FNDA:28,mainRoad
FNDA:16,secondaryRoad
FNDA:16,lane
FNDA:4,createLondonWorldConfig
DA:1,1
DA:12,1
DA:13,1
DA:14,1
DA:15,1
DA:16,1
DA:17,1
DA:18,1
DA:19,1
DA:20,1
DA:21,1
DA:22,1
DA:143,624
DA:144,624
DA:145,624
DA:147,144
DA:148,144
DA:149,144
DA:150,24
DA:151,144
DA:152,56
DA:153,144
DA:154,32
DA:155,144
DA:156,32
DA:157,144
DA:158,144
DA:160,144
DA:161,144
DA:162,144
DA:163,144
DA:164,144
DA:165,144
DA:166,144
DA:167,144
DA:168,144
DA:169,144
DA:170,144
DA:171,144
DA:172,144
DA:173,144
DA:175,40
DA:176,40
DA:177,40
DA:178,40
DA:179,40
DA:180,40
DA:181,40
DA:182,40
DA:183,4
DA:184,8
DA:185,8
DA:186,4
DA:187,4
DA:189,36
DA:190,36
DA:191,36
DA:192,36
DA:193,36
DA:194,36
DA:196,40
DA:197,0
DA:198,0
DA:199,36
DA:200,36
DA:202,72
DA:203,72
DA:204,72
DA:205,72
DA:206,72
DA:207,72
DA:208,72
DA:209,72
DA:210,72
DA:211,72
DA:212,72
DA:213,72
DA:214,72
DA:215,72
DA:216,72
DA:217,72
DA:218,72
DA:219,72
DA:220,72
DA:221,72
DA:222,72
DA:223,72
DA:224,72
DA:225,72
DA:226,72
DA:227,72
DA:228,72
DA:229,72
DA:230,72
DA:231,72
DA:232,72
DA:233,72
DA:234,72
DA:236,1
DA:237,632
DA:238,632
DA:239,0
DA:240,632
DA:242,1
DA:243,552
DA:244,552
DA:246,1
DA:247,826
DA:248,826
DA:249,826
DA:250,826
DA:251,0
DA:252,0
DA:256,12
DA:257,12
DA:258,12
DA:259,12
DA:260,12
DA:261,12
DA:263,28
DA:264,28
DA:265,28
DA:266,28
DA:267,28
DA:268,28
DA:270,16
DA:271,16
DA:272,16
DA:273,16
DA:274,16
DA:275,16
DA:277,16
DA:278,16
DA:279,16
DA:280,16
DA:281,16
DA:282,16
DA:298,1
DA:299,4
DA:300,4
DA:302,4
DA:309,4
DA:310,4
DA:311,4
DA:312,4
DA:313,4
DA:314,4
DA:315,4
DA:316,4
DA:317,4
DA:318,4
DA:319,4
DA:320,4
DA:321,4
DA:322,4
DA:323,4
DA:324,4
DA:325,4
DA:326,4
DA:327,4
DA:328,4
DA:329,4
DA:330,4
DA:331,4
DA:332,4
DA:336,4
DA:337,4
DA:338,4
DA:339,4
DA:340,4
DA:341,4
DA:342,4
DA:343,4
DA:344,4
DA:345,4
DA:346,4
DA:347,4
DA:348,4
DA:357,4
DA:358,4
DA:359,4
DA:360,4
DA:361,4
DA:362,4
DA:363,4
DA:364,4
DA:365,4
DA:366,4
DA:367,4
DA:368,4
DA:369,4
DA:370,4
DA:371,4
DA:372,4
DA:373,4
DA:374,4
DA:375,4
DA:376,4
DA:377,4
DA:378,4
DA:379,4
DA:380,4
DA:383,4
DA:384,4
DA:385,4
DA:386,4
DA:387,4
DA:388,4
DA:389,4
DA:390,4
DA:391,4
DA:392,4
DA:393,4
DA:396,4
DA:397,4
DA:398,4
DA:401,4
DA:402,4
DA:403,4
DA:406,4
DA:407,4
DA:408,4
DA:411,4
DA:412,4
DA:413,4
DA:420,4
DA:421,4
DA:422,4
DA:427,4
DA:428,4
DA:429,4
DA:430,4
DA:431,4
DA:432,4
DA:433,4
DA:436,4
DA:437,4
DA:438,4
DA:439,4
DA:440,4
DA:441,4
DA:442,4
DA:443,4
DA:444,4
DA:445,4
DA:448,4
DA:449,4
DA:450,4
DA:457,4
DA:458,4
DA:459,4
DA:460,4
DA:461,4
DA:462,4
DA:463,4
DA:464,4
DA:465,4
DA:466,4
DA:467,4
DA:470,4
DA:471,4
DA:472,4
DA:475,4
DA:476,4
DA:477,4
DA:478,4
DA:479,4
DA:480,4
DA:481,4
DA:484,4
DA:485,4
DA:486,4
DA:487,4
DA:489,4
DA:494,4
DA:495,4
DA:496,4
DA:497,4
DA:498,4
DA:499,4
DA:500,4
DA:501,4
DA:502,4
DA:503,4
DA:504,4
DA:505,4
DA:506,4
DA:507,4
DA:508,4
DA:509,4
DA:515,4
DA:516,4
DA:517,4
DA:518,4
DA:519,4
DA:520,4
DA:521,4
DA:522,4
DA:523,4
DA:524,4
DA:525,4
DA:526,4
DA:527,4
DA:528,4
DA:529,4
DA:535,4
DA:536,4
DA:537,4
DA:538,4
DA:539,4
DA:540,4
DA:541,4
DA:542,4
DA:543,4
DA:544,4
DA:545,4
DA:546,4
DA:547,4
DA:548,4
DA:549,4
DA:550,4
DA:551,4
DA:557,4
DA:558,4
DA:559,4
DA:560,4
DA:561,4
DA:562,4
DA:563,4
DA:564,4
DA:565,4
DA:566,4
DA:567,4
DA:568,4
DA:569,4
DA:570,4
DA:571,4
DA:572,4
DA:577,4
DA:578,4
DA:579,4
DA:580,4
DA:581,4
DA:582,4
DA:583,4
DA:584,4
DA:585,4
DA:586,4
DA:587,4
DA:588,4
DA:589,4
DA:590,4
DA:596,4
DA:597,4
DA:598,4
DA:599,4
DA:600,4
DA:601,4
DA:602,4
DA:603,4
DA:604,4
DA:605,4
DA:606,4
DA:607,4
DA:608,4
DA:609,4
DA:614,4
DA:615,4
DA:616,4
DA:617,4
DA:618,4
DA:619,4
DA:620,4
DA:621,4
DA:622,4
DA:623,4
DA:624,4
DA:625,4
DA:626,4
DA:627,4
DA:633,4
DA:634,4
DA:635,4
DA:636,4
DA:637,4
DA:638,4
DA:639,4
DA:640,4
DA:641,4
DA:642,4
DA:643,4
DA:644,4
DA:645,4
DA:646,4
DA:648,4
DA:649,4
DA:650,4
DA:651,4
DA:652,4
DA:653,4
DA:654,4
DA:655,4
DA:656,4
DA:657,4
DA:658,4
DA:659,4
DA:660,4
DA:661,4
DA:662,4
DA:663,4
DA:664,4
DA:665,4
DA:666,4
DA:667,4
DA:668,4
DA:669,4
DA:670,4
DA:671,4
DA:672,4
DA:673,4
DA:674,4
DA:675,4
DA:676,4
DA:677,4
DA:678,4
DA:679,4
LF:426
LH:421
BRDA:12,0,0,1
BRDA:143,1,0,624
BRDA:144,2,0,1698
BRDA:147,3,0,144
BRDA:149,4,0,24
BRDA:151,5,0,56
BRDA:153,6,0,32
BRDA:155,7,0,32
BRDA:160,8,0,144
BRDA:175,9,0,40
BRDA:182,10,0,4
BRDA:183,11,0,8
BRDA:187,12,0,36
BRDA:196,13,0,8
BRDA:196,14,0,0
BRDA:198,15,0,36
BRDA:202,16,0,72
BRDA:215,17,0,40
BRDA:236,18,0,632
BRDA:238,19,0,0
BRDA:242,20,0,552
BRDA:246,21,0,826
BRDA:247,22,0,404
BRDA:247,23,0,422
BRDA:250,24,0,0
BRDA:256,25,0,12
BRDA:263,26,0,28
BRDA:270,27,0,16
BRDA:277,28,0,16
BRDA:298,29,0,4
BRF:30
BRH:27
end_of_record
TN:
SF:services/world/ZoneMapV2.ts
FN:27,zonePriority
FN:45,ZoneMapV2
FN:56,paintAllZones
FN:71,setCell
FN:81,paintPerimeter
FN:95,paintRoadZones
FN:132,paintSegmentBand
FN:144,paintIntersectionZones
FN:152,paintRoundaboutZones
FN:167,paintStandardIntersectionZones
FN:191,getZone
FN:200,isInZone
FN:204,isNearIntersection
FN:217,getFurnishingStripsForRoad
FNF:14
FNH:13
FNDA:89112,zonePriority
FNDA:2,ZoneMapV2
FNDA:2,paintAllZones
FNDA:89112,setCell
FNDA:2,paintPerimeter
FNDA:36,paintRoadZones
FNDA:364,paintSegmentBand
FNDA:16,paintIntersectionZones
FNDA:6,paintRoundaboutZones
FNDA:10,paintStandardIntersectionZones
FNDA:2224,getZone
FNDA:1092,isInZone
FNDA:1148,isNearIntersection
FNDA:0,getFurnishingStripsForRoad
DA:1,1
DA:5,1
DA:11,1
DA:14,1
DA:15,1
DA:16,1
DA:17,1
DA:18,1
DA:19,1
DA:20,1
DA:21,1
DA:22,1
DA:23,1
DA:24,1
DA:25,1
DA:27,89112
DA:28,89112
DA:29,89112
DA:30,89112
DA:39,1
DA:45,1
DA:46,2
DA:47,2
DA:48,2
DA:49,2
DA:51,2
DA:53,2
DA:54,2
DA:56,1
DA:58,2
DA:61,2
DA:62,36
DA:63,36
DA:66,2
DA:67,16
DA:68,16
DA:69,2
DA:71,1
DA:72,89112
DA:73,89112
DA:74,89112
DA:76,89112
DA:77,82504
DA:78,82504
DA:79,89112
DA:81,1
DA:82,2
DA:83,2
DA:85,2
DA:86,800
DA:87,320000
DA:88,320000
DA:89,46200
DA:90,46200
DA:91,320000
DA:92,800
DA:93,2
DA:95,1
DA:96,36
DA:97,36
DA:98,36
DA:99,36
DA:100,36
DA:102,36
DA:104,52
DA:107,52
DA:108,104
DA:109,104
DA:110,104
DA:113,52
DA:114,52
DA:117,52
DA:118,52
DA:119,52
DA:120,52
DA:121,52
DA:122,52
DA:123,52
DA:124,52
DA:125,52
DA:126,52
DA:127,52
DA:128,52
DA:129,52
DA:130,36
DA:132,1
DA:133,364
DA:135,364
DA:136,364
DA:137,364
DA:138,364
DA:139,364
DA:140,37980
DA:141,364
DA:142,364
DA:144,1
DA:145,16
DA:146,6
DA:147,16
DA:148,10
DA:149,10
DA:150,16
DA:152,1
DA:153,6
DA:154,6
DA:157,6
DA:158,1968
DA:159,6
DA:162,6
DA:163,744
DA:164,6
DA:165,6
DA:167,1
DA:168,10
DA:171,10
DA:172,1556
DA:173,10
DA:176,10
DA:177,10
DA:178,30
DA:179,30
DA:180,30
DA:181,30
DA:182,30
DA:183,30
DA:184,30
DA:185,30
DA:186,30
DA:187,10
DA:191,1
DA:192,2224
DA:193,2224
DA:194,2224
DA:195,0
DA:196,0
DA:197,2224
DA:198,2224
DA:200,1
DA:201,1092
DA:202,1092
DA:204,1
DA:205,1148
DA:206,9068
DA:207,9068
DA:208,9068
DA:209,9068
DA:210,1098
DA:211,1148
DA:217,1
DA:218,0
DA:219,0
DA:220,0
DA:221,0
DA:222,0
DA:224,0
DA:225,0
DA:226,0
DA:227,0
DA:228,0
DA:230,0
DA:231,0
DA:232,0
DA:233,0
DA:234,0
DA:235,0
DA:236,0
DA:237,0
DA:238,0
DA:239,0
DA:240,0
DA:241,0
DA:242,0
DA:243,0
DA:244,0
DA:245,0
DA:246,0
DA:247,1
LF:177
LH:148
BRDA:27,0,0,89112
BRDA:29,1,0,0
BRDA:45,2,0,2
BRDA:56,3,0,2
BRDA:61,4,0,36
BRDA:66,5,0,16
BRDA:71,6,0,89112
BRDA:76,7,0,82504
BRDA:81,8,0,2
BRDA:85,9,0,800
BRDA:86,10,0,320000
BRDA:87,11,0,308000
BRDA:87,12,0,296000
BRDA:88,13,0,284900
BRDA:88,14,0,46200
BRDA:95,15,0,36
BRDA:102,16,0,52
BRDA:107,17,0,104
BRDA:132,18,0,364
BRDA:139,19,0,37980
BRDA:144,20,0,16
BRDA:145,21,0,6
BRDA:147,22,0,10
BRDA:152,23,0,6
BRDA:153,24,0,0
BRDA:154,25,0,0
BRDA:157,26,0,1968
BRDA:162,27,0,744
BRDA:167,28,0,10
BRDA:177,29,0,30
BRDA:171,30,0,1556
BRDA:184,31,0,664
BRDA:191,32,0,2224
BRDA:194,33,0,0
BRDA:200,34,0,1092
BRDA:204,35,0,1148
BRDA:205,36,0,9068
BRDA:208,37,0,50
BRDA:209,38,0,1098
BRF:39
BRH:35
end_of_record
